 file NULL does not exist . 
 file NULL does not exist . 
 file NULL does not exist . 
 file NULL does not exist . 
 file NULL does not exist . 

WARNING: name collision in input name 'CTX-LH-UNKNOWN', changing one to 'CTX-LH-UNKNOWN_1'


WARNING: name collision in input name 'CTX-RH-UNKNOWN', changing one to 'CTX-RH-UNKNOWN_1'


WARNING: name collision in input name 'WM-LH-UNKNOWN', changing one to 'WM-LH-UNKNOWN_1'


WARNING: name collision in input name 'WM-RH-UNKNOWN', changing one to 'WM-RH-UNKNOWN_1'


WARNING: name collision in input name 'CTX-LH-UNKNOWN', changing one to 'CTX-LH-UNKNOWN_1'


WARNING: name collision in input name 'CTX-RH-UNKNOWN', changing one to 'CTX-RH-UNKNOWN_1'


WARNING: name collision in input name 'WM-LH-UNKNOWN', changing one to 'WM-LH-UNKNOWN_1'


WARNING: name collision in input name 'WM-RH-UNKNOWN', changing one to 'WM-RH-UNKNOWN_1'


WARNING: name collision in input name 'CTX-LH-UNKNOWN', changing one to 'CTX-LH-UNKNOWN_1'


WARNING: name collision in input name 'CTX-RH-UNKNOWN', changing one to 'CTX-RH-UNKNOWN_1'


WARNING: name collision in input name 'WM-LH-UNKNOWN', changing one to 'WM-LH-UNKNOWN_1'


WARNING: name collision in input name 'WM-RH-UNKNOWN', changing one to 'WM-RH-UNKNOWN_1'


WARNING: name collision in input name 'CTX-LH-UNKNOWN', changing one to 'CTX-LH-UNKNOWN_1'


WARNING: name collision in input name 'CTX-RH-UNKNOWN', changing one to 'CTX-RH-UNKNOWN_1'


WARNING: name collision in input name 'WM-LH-UNKNOWN', changing one to 'WM-LH-UNKNOWN_1'


WARNING: name collision in input name 'WM-RH-UNKNOWN', changing one to 'WM-RH-UNKNOWN_1'


WARNING: name collision in input name 'CTX-LH-UNKNOWN', changing one to 'CTX-LH-UNKNOWN_1'


WARNING: name collision in input name 'CTX-RH-UNKNOWN', changing one to 'CTX-RH-UNKNOWN_1'


WARNING: name collision in input name 'WM-LH-UNKNOWN', changing one to 'WM-LH-UNKNOWN_1'


WARNING: name collision in input name 'WM-RH-UNKNOWN', changing one to 'WM-RH-UNKNOWN_1'


WARNING: name collision in input name 'CTX-LH-UNKNOWN', changing one to 'CTX-LH-UNKNOWN_1'


WARNING: name collision in input name 'CTX-RH-UNKNOWN', changing one to 'CTX-RH-UNKNOWN_1'


WARNING: name collision in input name 'WM-LH-UNKNOWN', changing one to 'WM-LH-UNKNOWN_1'


WARNING: name collision in input name 'WM-RH-UNKNOWN', changing one to 'WM-RH-UNKNOWN_1'


WARNING: name collision in input name 'CTX-LH-UNKNOWN', changing one to 'CTX-LH-UNKNOWN_1'


WARNING: name collision in input name 'CTX-RH-UNKNOWN', changing one to 'CTX-RH-UNKNOWN_1'


WARNING: name collision in input name 'WM-LH-UNKNOWN', changing one to 'WM-LH-UNKNOWN_1'


WARNING: name collision in input name 'WM-RH-UNKNOWN', changing one to 'WM-RH-UNKNOWN_1'


WARNING: name collision in input name 'CTX-LH-UNKNOWN', changing one to 'CTX-LH-UNKNOWN_1'


WARNING: name collision in input name 'CTX-RH-UNKNOWN', changing one to 'CTX-RH-UNKNOWN_1'


WARNING: name collision in input name 'WM-LH-UNKNOWN', changing one to 'WM-LH-UNKNOWN_1'


WARNING: name collision in input name 'WM-RH-UNKNOWN', changing one to 'WM-RH-UNKNOWN_1'

reading colortable from annotation file...
colortable with 36 entries read (originally /autofs/space/terrier_001/users/nicks/freesurfer/average/colortable_desikan_killiany.txt)
reading colortable from annotation file...
colortable with 76 entries read (originally /autofs/space/birn_044/users/christophe_atlas_rebuild//scripts_2008/Simple_surface_labels2009.txt)

WARNING: input sphere is either unusually irregular or not centered, inspect the input

reading colortable from annotation file...
colortable with 36 entries read (originally /autofs/space/terrier_001/users/nicks/freesurfer/average/colortable_desikan_killiany.txt)
reading colortable from annotation file...
colortable with 76 entries read (originally /autofs/space/birn_044/users/christophe_atlas_rebuild//scripts_2008/Simple_surface_labels2009.txt)

WARNING: input sphere is either unusually irregular or not centered, inspect the input


WARNING: name collision in input name 'CTX-LH-UNKNOWN', changing one to 'CTX-LH-UNKNOWN_1'


WARNING: name collision in input name 'CTX-RH-UNKNOWN', changing one to 'CTX-RH-UNKNOWN_1'


WARNING: name collision in input name 'WM-LH-UNKNOWN', changing one to 'WM-LH-UNKNOWN_1'


WARNING: name collision in input name 'WM-RH-UNKNOWN', changing one to 'WM-RH-UNKNOWN_1'


WARNING: name collision in input name 'CTX-LH-UNKNOWN', changing one to 'CTX-LH-UNKNOWN_1'


WARNING: name collision in input name 'CTX-RH-UNKNOWN', changing one to 'CTX-RH-UNKNOWN_1'


WARNING: name collision in input name 'WM-LH-UNKNOWN', changing one to 'WM-LH-UNKNOWN_1'


WARNING: name collision in input name 'WM-RH-UNKNOWN', changing one to 'WM-RH-UNKNOWN_1'

