Thu Mar 11 03:23:04 CST 2021 - GenericfMRIVolumeProcessingPipeline.sh - Parsing Command Line Options
Thu Mar 11 03:23:04 CST 2021 - GenericfMRIVolumeProcessingPipeline.sh - Path: /output_dir/sub-0015417/ses-01/files
Thu Mar 11 03:23:04 CST 2021 - GenericfMRIVolumeProcessingPipeline.sh - Subject: 0015417
Thu Mar 11 03:23:04 CST 2021 - GenericfMRIVolumeProcessingPipeline.sh - NameOffMRI: task-rest01
Thu Mar 11 03:23:04 CST 2021 - GenericfMRIVolumeProcessingPipeline.sh - fMRITimeSeries: /bids_dir/sub-0015417/ses-01/func/sub-0015417_ses-01_task-rest_dir-AP_run-01_bold.nii.gz
Thu Mar 11 03:23:04 CST 2021 - GenericfMRIVolumeProcessingPipeline.sh - fMRIScout: NONE
Thu Mar 11 03:23:04 CST 2021 - GenericfMRIVolumeProcessingPipeline.sh - SpinEchoPhaseEncodeNegative: /bids_dir/sub-0015417/ses-01/fmap/sub-0015417_ses-01_dir-AP_run-01_epi.nii.gz
Thu Mar 11 03:23:04 CST 2021 - GenericfMRIVolumeProcessingPipeline.sh - SpinEchoPhaseEncodePositive: /bids_dir/sub-0015417/ses-01/fmap/sub-0015417_ses-01_dir-PA_run-01_epi.nii.gz
Thu Mar 11 03:23:04 CST 2021 - GenericfMRIVolumeProcessingPipeline.sh - MagnitudeInputName: NONE
Thu Mar 11 03:23:04 CST 2021 - GenericfMRIVolumeProcessingPipeline.sh - PhaseInputName: NONE
Thu Mar 11 03:23:04 CST 2021 - GenericfMRIVolumeProcessingPipeline.sh - GEB0InputName: NONE
Thu Mar 11 03:23:04 CST 2021 - GenericfMRIVolumeProcessingPipeline.sh - DwellTime: 0.000580009
Thu Mar 11 03:23:04 CST 2021 - GenericfMRIVolumeProcessingPipeline.sh - deltaTE: NONE
Thu Mar 11 03:23:04 CST 2021 - GenericfMRIVolumeProcessingPipeline.sh - UnwarpDir: y-
Thu Mar 11 03:23:04 CST 2021 - GenericfMRIVolumeProcessingPipeline.sh - FinalfMRIResolution: 2.0
Thu Mar 11 03:23:05 CST 2021 - GenericfMRIVolumeProcessingPipeline.sh - DistortionCorrection: TOPUP
Thu Mar 11 03:23:05 CST 2021 - GenericfMRIVolumeProcessingPipeline.sh - BiasCorrection: NONE
Thu Mar 11 03:23:05 CST 2021 - GenericfMRIVolumeProcessingPipeline.sh - GradientDistortionCoeffs: NONE
Thu Mar 11 03:23:05 CST 2021 - GenericfMRIVolumeProcessingPipeline.sh - TopupConfig: /opt/pipeline/global/config/b02b0.cnf
Thu Mar 11 03:23:05 CST 2021 - GenericfMRIVolumeProcessingPipeline.sh - dof: 6
Thu Mar 11 03:23:05 CST 2021 - GenericfMRIVolumeProcessingPipeline.sh - useT2: true
Thu Mar 11 03:23:05 CST 2021 - GenericfMRIVolumeProcessingPipeline.sh - RUN: 
Thu Mar 11 03:23:05 CST 2021 - GenericfMRIVolumeProcessingPipeline.sh - UseJacobian: 
Thu Mar 11 03:23:06 CST 2021 - GenericfMRIVolumeProcessingPipeline.sh - JacobianDefault: true
Thu Mar 11 03:23:06 CST 2021 - GenericfMRIVolumeProcessingPipeline.sh - After taking default value if necessary, UseJacobian: true
Thu Mar 11 03:23:06 CST 2021 - GenericfMRIVolumeProcessingPipeline.sh - mkdir /output_dir/sub-0015417/ses-01/files/task-rest01
Thu Mar 11 03:23:19 CST 2021 - GenericfMRIVolumeProcessingPipeline.sh - Gradient Distortion Correction of fMRI
Thu Mar 11 03:23:19 CST 2021 - GenericfMRIVolumeProcessingPipeline.sh - NOT PERFORMING GRADIENT DISTORTION CORRECTION
Thu Mar 11 03:24:16 CST 2021 - GenericfMRIVolumeProcessingPipeline.sh - mkdir -p /output_dir/sub-0015417/ses-01/files/task-rest01/MotionCorrection
Thu Mar 11 03:24:16 CST 2021 - MotionCorrection.sh - START
/output_dir/sub-0015417/ses-01/files/task-rest01/MotionCorrection /tmp
Thu Mar 11 03:24:16 CST 2021 - MotionCorrection.sh - Do motion correction
processing /output_dir/sub-0015417/ses-01/files/task-rest01/MotionCorrection/task-rest01_mc.mat/MAT_0000
processing /output_dir/sub-0015417/ses-01/files/task-rest01/MotionCorrection/task-rest01_mc.mat/MAT_0001
processing /output_dir/sub-0015417/ses-01/files/task-rest01/MotionCorrection/task-rest01_mc.mat/MAT_0002
processing /output_dir/sub-0015417/ses-01/files/task-rest01/MotionCorrection/task-rest01_mc.mat/MAT_0003
processing /output_dir/sub-0015417/ses-01/files/task-rest01/MotionCorrection/task-rest01_mc.mat/MAT_0004
processing /output_dir/sub-0015417/ses-01/files/task-rest01/MotionCorrection/task-rest01_mc.mat/MAT_0005
processing /output_dir/sub-0015417/ses-01/files/task-rest01/MotionCorrection/task-rest01_mc.mat/MAT_0006
processing /output_dir/sub-0015417/ses-01/files/task-rest01/MotionCorrection/task-rest01_mc.mat/MAT_0007
processing /output_dir/sub-0015417/ses-01/files/task-rest01/MotionCorrection/task-rest01_mc.mat/MAT_0008
processing /output_dir/sub-0015417/ses-01/files/task-rest01/MotionCorrection/task-rest01_mc.mat/MAT_0009
processing /output_dir/sub-0015417/ses-01/files/task-rest01/MotionCorrection/task-rest01_mc.mat/MAT_0010
processing /output_dir/sub-0015417/ses-01/files/task-rest01/MotionCorrection/task-rest01_mc.mat/MAT_0011
processing /output_dir/sub-0015417/ses-01/files/task-rest01/MotionCorrection/task-rest01_mc.mat/MAT_0012
processing /output_dir/sub-0015417/ses-01/files/task-rest01/MotionCorrection/task-rest01_mc.mat/MAT_0013
processing /output_dir/sub-0015417/ses-01/files/task-rest01/MotionCorrection/task-rest01_mc.mat/MAT_0014
processing /output_dir/sub-0015417/ses-01/files/task-rest01/MotionCorrection/task-rest01_mc.mat/MAT_0015
processing /output_dir/sub-0015417/ses-01/files/task-rest01/MotionCorrection/task-rest01_mc.mat/MAT_0016
processing /output_dir/sub-0015417/ses-01/files/task-rest01/MotionCorrection/task-rest01_mc.mat/MAT_0017
processing /output_dir/sub-0015417/ses-01/files/task-rest01/MotionCorrection/task-rest01_mc.mat/MAT_0018
processing /output_dir/sub-0015417/ses-01/files/task-rest01/MotionCorrection/task-rest01_mc.mat/MAT_0019
processing /output_dir/sub-0015417/ses-01/files/task-rest01/MotionCorrection/task-rest01_mc.mat/MAT_0020
processing /output_dir/sub-0015417/ses-01/files/task-rest01/MotionCorrection/task-rest01_mc.mat/MAT_0021
processing /output_dir/sub-0015417/ses-01/files/task-rest01/MotionCorrection/task-rest01_mc.mat/MAT_0022
processing /output_dir/sub-0015417/ses-01/files/task-rest01/MotionCorrection/task-rest01_mc.mat/MAT_0023
processing /output_dir/sub-0015417/ses-01/files/task-rest01/MotionCorrection/task-rest01_mc.mat/MAT_0024
processing /output_dir/sub-0015417/ses-01/files/task-rest01/MotionCorrection/task-rest01_mc.mat/MAT_0025
processing /output_dir/sub-0015417/ses-01/files/task-rest01/MotionCorrection/task-rest01_mc.mat/MAT_0026
processing /output_dir/sub-0015417/ses-01/files/task-rest01/MotionCorrection/task-rest01_mc.mat/MAT_0027
processing /output_dir/sub-0015417/ses-01/files/task-rest01/MotionCorrection/task-rest01_mc.mat/MAT_0028
processing /output_dir/sub-0015417/ses-01/files/task-rest01/MotionCorrection/task-rest01_mc.mat/MAT_0029
processing /output_dir/sub-0015417/ses-01/files/task-rest01/MotionCorrection/task-rest01_mc.mat/MAT_0030
processing /output_dir/sub-0015417/ses-01/files/task-rest01/MotionCorrection/task-rest01_mc.mat/MAT_0031
processing /output_dir/sub-0015417/ses-01/files/task-rest01/MotionCorrection/task-rest01_mc.mat/MAT_0032
processing /output_dir/sub-0015417/ses-01/files/task-rest01/MotionCorrection/task-rest01_mc.mat/MAT_0033
processing /output_dir/sub-0015417/ses-01/files/task-rest01/MotionCorrection/task-rest01_mc.mat/MAT_0034
processing /output_dir/sub-0015417/ses-01/files/task-rest01/MotionCorrection/task-rest01_mc.mat/MAT_0035
processing /output_dir/sub-0015417/ses-01/files/task-rest01/MotionCorrection/task-rest01_mc.mat/MAT_0036
processing /output_dir/sub-0015417/ses-01/files/task-rest01/MotionCorrection/task-rest01_mc.mat/MAT_0037
processing /output_dir/sub-0015417/ses-01/files/task-rest01/MotionCorrection/task-rest01_mc.mat/MAT_0038
processing /output_dir/sub-0015417/ses-01/files/task-rest01/MotionCorrection/task-rest01_mc.mat/MAT_0039
processing /output_dir/sub-0015417/ses-01/files/task-rest01/MotionCorrection/task-rest01_mc.mat/MAT_0040
processing /output_dir/sub-0015417/ses-01/files/task-rest01/MotionCorrection/task-rest01_mc.mat/MAT_0041
processing /output_dir/sub-0015417/ses-01/files/task-rest01/MotionCorrection/task-rest01_mc.mat/MAT_0042
processing /output_dir/sub-0015417/ses-01/files/task-rest01/MotionCorrection/task-rest01_mc.mat/MAT_0043
processing /output_dir/sub-0015417/ses-01/files/task-rest01/MotionCorrection/task-rest01_mc.mat/MAT_0044
processing /output_dir/sub-0015417/ses-01/files/task-rest01/MotionCorrection/task-rest01_mc.mat/MAT_0045
processing /output_dir/sub-0015417/ses-01/files/task-rest01/MotionCorrection/task-rest01_mc.mat/MAT_0046
processing /output_dir/sub-0015417/ses-01/files/task-rest01/MotionCorrection/task-rest01_mc.mat/MAT_0047
processing /output_dir/sub-0015417/ses-01/files/task-rest01/MotionCorrection/task-rest01_mc.mat/MAT_0048
processing /output_dir/sub-0015417/ses-01/files/task-rest01/MotionCorrection/task-rest01_mc.mat/MAT_0049
processing /output_dir/sub-0015417/ses-01/files/task-rest01/MotionCorrection/task-rest01_mc.mat/MAT_0050
processing /output_dir/sub-0015417/ses-01/files/task-rest01/MotionCorrection/task-rest01_mc.mat/MAT_0051
processing /output_dir/sub-0015417/ses-01/files/task-rest01/MotionCorrection/task-rest01_mc.mat/MAT_0052
processing /output_dir/sub-0015417/ses-01/files/task-rest01/MotionCorrection/task-rest01_mc.mat/MAT_0053
processing /output_dir/sub-0015417/ses-01/files/task-rest01/MotionCorrection/task-rest01_mc.mat/MAT_0054
processing /output_dir/sub-0015417/ses-01/files/task-rest01/MotionCorrection/task-rest01_mc.mat/MAT_0055
processing /output_dir/sub-0015417/ses-01/files/task-rest01/MotionCorrection/task-rest01_mc.mat/MAT_0056
processing /output_dir/sub-0015417/ses-01/files/task-rest01/MotionCorrection/task-rest01_mc.mat/MAT_0057
processing /output_dir/sub-0015417/ses-01/files/task-rest01/MotionCorrection/task-rest01_mc.mat/MAT_0058
processing /output_dir/sub-0015417/ses-01/files/task-rest01/MotionCorrection/task-rest01_mc.mat/MAT_0059
processing /output_dir/sub-0015417/ses-01/files/task-rest01/MotionCorrection/task-rest01_mc.mat/MAT_0060
processing /output_dir/sub-0015417/ses-01/files/task-rest01/MotionCorrection/task-rest01_mc.mat/MAT_0061
processing /output_dir/sub-0015417/ses-01/files/task-rest01/MotionCorrection/task-rest01_mc.mat/MAT_0062
processing /output_dir/sub-0015417/ses-01/files/task-rest01/MotionCorrection/task-rest01_mc.mat/MAT_0063
processing /output_dir/sub-0015417/ses-01/files/task-rest01/MotionCorrection/task-rest01_mc.mat/MAT_0064
processing /output_dir/sub-0015417/ses-01/files/task-rest01/MotionCorrection/task-rest01_mc.mat/MAT_0065
processing /output_dir/sub-0015417/ses-01/files/task-rest01/MotionCorrection/task-rest01_mc.mat/MAT_0066
processing /output_dir/sub-0015417/ses-01/files/task-rest01/MotionCorrection/task-rest01_mc.mat/MAT_0067
processing /output_dir/sub-0015417/ses-01/files/task-rest01/MotionCorrection/task-rest01_mc.mat/MAT_0068
processing /output_dir/sub-0015417/ses-01/files/task-rest01/MotionCorrection/task-rest01_mc.mat/MAT_0069
processing /output_dir/sub-0015417/ses-01/files/task-rest01/MotionCorrection/task-rest01_mc.mat/MAT_0070
processing /output_dir/sub-0015417/ses-01/files/task-rest01/MotionCorrection/task-rest01_mc.mat/MAT_0071
processing /output_dir/sub-0015417/ses-01/files/task-rest01/MotionCorrection/task-rest01_mc.mat/MAT_0072
processing /output_dir/sub-0015417/ses-01/files/task-rest01/MotionCorrection/task-rest01_mc.mat/MAT_0073
processing /output_dir/sub-0015417/ses-01/files/task-rest01/MotionCorrection/task-rest01_mc.mat/MAT_0074
processing /output_dir/sub-0015417/ses-01/files/task-rest01/MotionCorrection/task-rest01_mc.mat/MAT_0075
processing /output_dir/sub-0015417/ses-01/files/task-rest01/MotionCorrection/task-rest01_mc.mat/MAT_0076
processing /output_dir/sub-0015417/ses-01/files/task-rest01/MotionCorrection/task-rest01_mc.mat/MAT_0077
processing /output_dir/sub-0015417/ses-01/files/task-rest01/MotionCorrection/task-rest01_mc.mat/MAT_0078
processing /output_dir/sub-0015417/ses-01/files/task-rest01/MotionCorrection/task-rest01_mc.mat/MAT_0079
processing /output_dir/sub-0015417/ses-01/files/task-rest01/MotionCorrection/task-rest01_mc.mat/MAT_0080
processing /output_dir/sub-0015417/ses-01/files/task-rest01/MotionCorrection/task-rest01_mc.mat/MAT_0081
processing /output_dir/sub-0015417/ses-01/files/task-rest01/MotionCorrection/task-rest01_mc.mat/MAT_0082
processing /output_dir/sub-0015417/ses-01/files/task-rest01/MotionCorrection/task-rest01_mc.mat/MAT_0083
processing /output_dir/sub-0015417/ses-01/files/task-rest01/MotionCorrection/task-rest01_mc.mat/MAT_0084
processing /output_dir/sub-0015417/ses-01/files/task-rest01/MotionCorrection/task-rest01_mc.mat/MAT_0085
processing /output_dir/sub-0015417/ses-01/files/task-rest01/MotionCorrection/task-rest01_mc.mat/MAT_0086
processing /output_dir/sub-0015417/ses-01/files/task-rest01/MotionCorrection/task-rest01_mc.mat/MAT_0087
processing /output_dir/sub-0015417/ses-01/files/task-rest01/MotionCorrection/task-rest01_mc.mat/MAT_0088
processing /output_dir/sub-0015417/ses-01/files/task-rest01/MotionCorrection/task-rest01_mc.mat/MAT_0089
processing /output_dir/sub-0015417/ses-01/files/task-rest01/MotionCorrection/task-rest01_mc.mat/MAT_0090
processing /output_dir/sub-0015417/ses-01/files/task-rest01/MotionCorrection/task-rest01_mc.mat/MAT_0091
processing /output_dir/sub-0015417/ses-01/files/task-rest01/MotionCorrection/task-rest01_mc.mat/MAT_0092
processing /output_dir/sub-0015417/ses-01/files/task-rest01/MotionCorrection/task-rest01_mc.mat/MAT_0093
processing /output_dir/sub-0015417/ses-01/files/task-rest01/MotionCorrection/task-rest01_mc.mat/MAT_0094
processing /output_dir/sub-0015417/ses-01/files/task-rest01/MotionCorrection/task-rest01_mc.mat/MAT_0095
processing /output_dir/sub-0015417/ses-01/files/task-rest01/MotionCorrection/task-rest01_mc.mat/MAT_0096
processing /output_dir/sub-0015417/ses-01/files/task-rest01/MotionCorrection/task-rest01_mc.mat/MAT_0097
processing /output_dir/sub-0015417/ses-01/files/task-rest01/MotionCorrection/task-rest01_mc.mat/MAT_0098
processing /output_dir/sub-0015417/ses-01/files/task-rest01/MotionCorrection/task-rest01_mc.mat/MAT_0099
processing /output_dir/sub-0015417/ses-01/files/task-rest01/MotionCorrection/task-rest01_mc.mat/MAT_0100
processing /output_dir/sub-0015417/ses-01/files/task-rest01/MotionCorrection/task-rest01_mc.mat/MAT_0101
processing /output_dir/sub-0015417/ses-01/files/task-rest01/MotionCorrection/task-rest01_mc.mat/MAT_0102
processing /output_dir/sub-0015417/ses-01/files/task-rest01/MotionCorrection/task-rest01_mc.mat/MAT_0103
processing /output_dir/sub-0015417/ses-01/files/task-rest01/MotionCorrection/task-rest01_mc.mat/MAT_0104
processing /output_dir/sub-0015417/ses-01/files/task-rest01/MotionCorrection/task-rest01_mc.mat/MAT_0105
processing /output_dir/sub-0015417/ses-01/files/task-rest01/MotionCorrection/task-rest01_mc.mat/MAT_0106
processing /output_dir/sub-0015417/ses-01/files/task-rest01/MotionCorrection/task-rest01_mc.mat/MAT_0107
processing /output_dir/sub-0015417/ses-01/files/task-rest01/MotionCorrection/task-rest01_mc.mat/MAT_0108
processing /output_dir/sub-0015417/ses-01/files/task-rest01/MotionCorrection/task-rest01_mc.mat/MAT_0109
processing /output_dir/sub-0015417/ses-01/files/task-rest01/MotionCorrection/task-rest01_mc.mat/MAT_0110
processing /output_dir/sub-0015417/ses-01/files/task-rest01/MotionCorrection/task-rest01_mc.mat/MAT_0111
processing /output_dir/sub-0015417/ses-01/files/task-rest01/MotionCorrection/task-rest01_mc.mat/MAT_0112
processing /output_dir/sub-0015417/ses-01/files/task-rest01/MotionCorrection/task-rest01_mc.mat/MAT_0113
processing /output_dir/sub-0015417/ses-01/files/task-rest01/MotionCorrection/task-rest01_mc.mat/MAT_0114
processing /output_dir/sub-0015417/ses-01/files/task-rest01/MotionCorrection/task-rest01_mc.mat/MAT_0115
processing /output_dir/sub-0015417/ses-01/files/task-rest01/MotionCorrection/task-rest01_mc.mat/MAT_0116
processing /output_dir/sub-0015417/ses-01/files/task-rest01/MotionCorrection/task-rest01_mc.mat/MAT_0117
processing /output_dir/sub-0015417/ses-01/files/task-rest01/MotionCorrection/task-rest01_mc.mat/MAT_0118
processing /output_dir/sub-0015417/ses-01/files/task-rest01/MotionCorrection/task-rest01_mc.mat/MAT_0119
processing /output_dir/sub-0015417/ses-01/files/task-rest01/MotionCorrection/task-rest01_mc.mat/MAT_0120
processing /output_dir/sub-0015417/ses-01/files/task-rest01/MotionCorrection/task-rest01_mc.mat/MAT_0121
processing /output_dir/sub-0015417/ses-01/files/task-rest01/MotionCorrection/task-rest01_mc.mat/MAT_0122
processing /output_dir/sub-0015417/ses-01/files/task-rest01/MotionCorrection/task-rest01_mc.mat/MAT_0123
processing /output_dir/sub-0015417/ses-01/files/task-rest01/MotionCorrection/task-rest01_mc.mat/MAT_0124
processing /output_dir/sub-0015417/ses-01/files/task-rest01/MotionCorrection/task-rest01_mc.mat/MAT_0125
processing /output_dir/sub-0015417/ses-01/files/task-rest01/MotionCorrection/task-rest01_mc.mat/MAT_0126
processing /output_dir/sub-0015417/ses-01/files/task-rest01/MotionCorrection/task-rest01_mc.mat/MAT_0127
processing /output_dir/sub-0015417/ses-01/files/task-rest01/MotionCorrection/task-rest01_mc.mat/MAT_0128
processing /output_dir/sub-0015417/ses-01/files/task-rest01/MotionCorrection/task-rest01_mc.mat/MAT_0129
processing /output_dir/sub-0015417/ses-01/files/task-rest01/MotionCorrection/task-rest01_mc.mat/MAT_0130
processing /output_dir/sub-0015417/ses-01/files/task-rest01/MotionCorrection/task-rest01_mc.mat/MAT_0131
processing /output_dir/sub-0015417/ses-01/files/task-rest01/MotionCorrection/task-rest01_mc.mat/MAT_0132
processing /output_dir/sub-0015417/ses-01/files/task-rest01/MotionCorrection/task-rest01_mc.mat/MAT_0133
processing /output_dir/sub-0015417/ses-01/files/task-rest01/MotionCorrection/task-rest01_mc.mat/MAT_0134
processing /output_dir/sub-0015417/ses-01/files/task-rest01/MotionCorrection/task-rest01_mc.mat/MAT_0135
processing /output_dir/sub-0015417/ses-01/files/task-rest01/MotionCorrection/task-rest01_mc.mat/MAT_0136
processing /output_dir/sub-0015417/ses-01/files/task-rest01/MotionCorrection/task-rest01_mc.mat/MAT_0137
processing /output_dir/sub-0015417/ses-01/files/task-rest01/MotionCorrection/task-rest01_mc.mat/MAT_0138
processing /output_dir/sub-0015417/ses-01/files/task-rest01/MotionCorrection/task-rest01_mc.mat/MAT_0139
processing /output_dir/sub-0015417/ses-01/files/task-rest01/MotionCorrection/task-rest01_mc.mat/MAT_0140
processing /output_dir/sub-0015417/ses-01/files/task-rest01/MotionCorrection/task-rest01_mc.mat/MAT_0141
processing /output_dir/sub-0015417/ses-01/files/task-rest01/MotionCorrection/task-rest01_mc.mat/MAT_0142
processing /output_dir/sub-0015417/ses-01/files/task-rest01/MotionCorrection/task-rest01_mc.mat/MAT_0143
processing /output_dir/sub-0015417/ses-01/files/task-rest01/MotionCorrection/task-rest01_mc.mat/MAT_0144
processing /output_dir/sub-0015417/ses-01/files/task-rest01/MotionCorrection/task-rest01_mc.mat/MAT_0145
processing /output_dir/sub-0015417/ses-01/files/task-rest01/MotionCorrection/task-rest01_mc.mat/MAT_0146
processing /output_dir/sub-0015417/ses-01/files/task-rest01/MotionCorrection/task-rest01_mc.mat/MAT_0147
processing /output_dir/sub-0015417/ses-01/files/task-rest01/MotionCorrection/task-rest01_mc.mat/MAT_0148
processing /output_dir/sub-0015417/ses-01/files/task-rest01/MotionCorrection/task-rest01_mc.mat/MAT_0149
processing /output_dir/sub-0015417/ses-01/files/task-rest01/MotionCorrection/task-rest01_mc.mat/MAT_0150
processing /output_dir/sub-0015417/ses-01/files/task-rest01/MotionCorrection/task-rest01_mc.mat/MAT_0151
processing /output_dir/sub-0015417/ses-01/files/task-rest01/MotionCorrection/task-rest01_mc.mat/MAT_0152
processing /output_dir/sub-0015417/ses-01/files/task-rest01/MotionCorrection/task-rest01_mc.mat/MAT_0153
processing /output_dir/sub-0015417/ses-01/files/task-rest01/MotionCorrection/task-rest01_mc.mat/MAT_0154
processing /output_dir/sub-0015417/ses-01/files/task-rest01/MotionCorrection/task-rest01_mc.mat/MAT_0155
processing /output_dir/sub-0015417/ses-01/files/task-rest01/MotionCorrection/task-rest01_mc.mat/MAT_0156
processing /output_dir/sub-0015417/ses-01/files/task-rest01/MotionCorrection/task-rest01_mc.mat/MAT_0157
processing /output_dir/sub-0015417/ses-01/files/task-rest01/MotionCorrection/task-rest01_mc.mat/MAT_0158
processing /output_dir/sub-0015417/ses-01/files/task-rest01/MotionCorrection/task-rest01_mc.mat/MAT_0159
processing /output_dir/sub-0015417/ses-01/files/task-rest01/MotionCorrection/task-rest01_mc.mat/MAT_0160
processing /output_dir/sub-0015417/ses-01/files/task-rest01/MotionCorrection/task-rest01_mc.mat/MAT_0161
processing /output_dir/sub-0015417/ses-01/files/task-rest01/MotionCorrection/task-rest01_mc.mat/MAT_0162
processing /output_dir/sub-0015417/ses-01/files/task-rest01/MotionCorrection/task-rest01_mc.mat/MAT_0163
processing /output_dir/sub-0015417/ses-01/files/task-rest01/MotionCorrection/task-rest01_mc.mat/MAT_0164
processing /output_dir/sub-0015417/ses-01/files/task-rest01/MotionCorrection/task-rest01_mc.mat/MAT_0165
processing /output_dir/sub-0015417/ses-01/files/task-rest01/MotionCorrection/task-rest01_mc.mat/MAT_0166
processing /output_dir/sub-0015417/ses-01/files/task-rest01/MotionCorrection/task-rest01_mc.mat/MAT_0167
processing /output_dir/sub-0015417/ses-01/files/task-rest01/MotionCorrection/task-rest01_mc.mat/MAT_0168
processing /output_dir/sub-0015417/ses-01/files/task-rest01/MotionCorrection/task-rest01_mc.mat/MAT_0169
processing /output_dir/sub-0015417/ses-01/files/task-rest01/MotionCorrection/task-rest01_mc.mat/MAT_0170
processing /output_dir/sub-0015417/ses-01/files/task-rest01/MotionCorrection/task-rest01_mc.mat/MAT_0171
processing /output_dir/sub-0015417/ses-01/files/task-rest01/MotionCorrection/task-rest01_mc.mat/MAT_0172
processing /output_dir/sub-0015417/ses-01/files/task-rest01/MotionCorrection/task-rest01_mc.mat/MAT_0173
processing /output_dir/sub-0015417/ses-01/files/task-rest01/MotionCorrection/task-rest01_mc.mat/MAT_0174
processing /output_dir/sub-0015417/ses-01/files/task-rest01/MotionCorrection/task-rest01_mc.mat/MAT_0175
processing /output_dir/sub-0015417/ses-01/files/task-rest01/MotionCorrection/task-rest01_mc.mat/MAT_0176
processing /output_dir/sub-0015417/ses-01/files/task-rest01/MotionCorrection/task-rest01_mc.mat/MAT_0177
processing /output_dir/sub-0015417/ses-01/files/task-rest01/MotionCorrection/task-rest01_mc.mat/MAT_0178
processing /output_dir/sub-0015417/ses-01/files/task-rest01/MotionCorrection/task-rest01_mc.mat/MAT_0179
processing /output_dir/sub-0015417/ses-01/files/task-rest01/MotionCorrection/task-rest01_mc.mat/MAT_0180
processing /output_dir/sub-0015417/ses-01/files/task-rest01/MotionCorrection/task-rest01_mc.mat/MAT_0181
processing /output_dir/sub-0015417/ses-01/files/task-rest01/MotionCorrection/task-rest01_mc.mat/MAT_0182
processing /output_dir/sub-0015417/ses-01/files/task-rest01/MotionCorrection/task-rest01_mc.mat/MAT_0183
processing /output_dir/sub-0015417/ses-01/files/task-rest01/MotionCorrection/task-rest01_mc.mat/MAT_0184
processing /output_dir/sub-0015417/ses-01/files/task-rest01/MotionCorrection/task-rest01_mc.mat/MAT_0185
processing /output_dir/sub-0015417/ses-01/files/task-rest01/MotionCorrection/task-rest01_mc.mat/MAT_0186
processing /output_dir/sub-0015417/ses-01/files/task-rest01/MotionCorrection/task-rest01_mc.mat/MAT_0187
processing /output_dir/sub-0015417/ses-01/files/task-rest01/MotionCorrection/task-rest01_mc.mat/MAT_0188
processing /output_dir/sub-0015417/ses-01/files/task-rest01/MotionCorrection/task-rest01_mc.mat/MAT_0189
processing /output_dir/sub-0015417/ses-01/files/task-rest01/MotionCorrection/task-rest01_mc.mat/MAT_0190
processing /output_dir/sub-0015417/ses-01/files/task-rest01/MotionCorrection/task-rest01_mc.mat/MAT_0191
processing /output_dir/sub-0015417/ses-01/files/task-rest01/MotionCorrection/task-rest01_mc.mat/MAT_0192
processing /output_dir/sub-0015417/ses-01/files/task-rest01/MotionCorrection/task-rest01_mc.mat/MAT_0193
processing /output_dir/sub-0015417/ses-01/files/task-rest01/MotionCorrection/task-rest01_mc.mat/MAT_0194
processing /output_dir/sub-0015417/ses-01/files/task-rest01/MotionCorrection/task-rest01_mc.mat/MAT_0195
processing /output_dir/sub-0015417/ses-01/files/task-rest01/MotionCorrection/task-rest01_mc.mat/MAT_0196
processing /output_dir/sub-0015417/ses-01/files/task-rest01/MotionCorrection/task-rest01_mc.mat/MAT_0197
processing /output_dir/sub-0015417/ses-01/files/task-rest01/MotionCorrection/task-rest01_mc.mat/MAT_0198
processing /output_dir/sub-0015417/ses-01/files/task-rest01/MotionCorrection/task-rest01_mc.mat/MAT_0199
processing /output_dir/sub-0015417/ses-01/files/task-rest01/MotionCorrection/task-rest01_mc.mat/MAT_0200
processing /output_dir/sub-0015417/ses-01/files/task-rest01/MotionCorrection/task-rest01_mc.mat/MAT_0201
processing /output_dir/sub-0015417/ses-01/files/task-rest01/MotionCorrection/task-rest01_mc.mat/MAT_0202
processing /output_dir/sub-0015417/ses-01/files/task-rest01/MotionCorrection/task-rest01_mc.mat/MAT_0203
processing /output_dir/sub-0015417/ses-01/files/task-rest01/MotionCorrection/task-rest01_mc.mat/MAT_0204
processing /output_dir/sub-0015417/ses-01/files/task-rest01/MotionCorrection/task-rest01_mc.mat/MAT_0205
processing /output_dir/sub-0015417/ses-01/files/task-rest01/MotionCorrection/task-rest01_mc.mat/MAT_0206
processing /output_dir/sub-0015417/ses-01/files/task-rest01/MotionCorrection/task-rest01_mc.mat/MAT_0207
processing /output_dir/sub-0015417/ses-01/files/task-rest01/MotionCorrection/task-rest01_mc.mat/MAT_0208
processing /output_dir/sub-0015417/ses-01/files/task-rest01/MotionCorrection/task-rest01_mc.mat/MAT_0209
processing /output_dir/sub-0015417/ses-01/files/task-rest01/MotionCorrection/task-rest01_mc.mat/MAT_0210
processing /output_dir/sub-0015417/ses-01/files/task-rest01/MotionCorrection/task-rest01_mc.mat/MAT_0211
processing /output_dir/sub-0015417/ses-01/files/task-rest01/MotionCorrection/task-rest01_mc.mat/MAT_0212
processing /output_dir/sub-0015417/ses-01/files/task-rest01/MotionCorrection/task-rest01_mc.mat/MAT_0213
processing /output_dir/sub-0015417/ses-01/files/task-rest01/MotionCorrection/task-rest01_mc.mat/MAT_0214
processing /output_dir/sub-0015417/ses-01/files/task-rest01/MotionCorrection/task-rest01_mc.mat/MAT_0215
processing /output_dir/sub-0015417/ses-01/files/task-rest01/MotionCorrection/task-rest01_mc.mat/MAT_0216
processing /output_dir/sub-0015417/ses-01/files/task-rest01/MotionCorrection/task-rest01_mc.mat/MAT_0217
processing /output_dir/sub-0015417/ses-01/files/task-rest01/MotionCorrection/task-rest01_mc.mat/MAT_0218
processing /output_dir/sub-0015417/ses-01/files/task-rest01/MotionCorrection/task-rest01_mc.mat/MAT_0219
processing /output_dir/sub-0015417/ses-01/files/task-rest01/MotionCorrection/task-rest01_mc.mat/MAT_0220
processing /output_dir/sub-0015417/ses-01/files/task-rest01/MotionCorrection/task-rest01_mc.mat/MAT_0221
processing /output_dir/sub-0015417/ses-01/files/task-rest01/MotionCorrection/task-rest01_mc.mat/MAT_0222
processing /output_dir/sub-0015417/ses-01/files/task-rest01/MotionCorrection/task-rest01_mc.mat/MAT_0223
processing /output_dir/sub-0015417/ses-01/files/task-rest01/MotionCorrection/task-rest01_mc.mat/MAT_0224
processing /output_dir/sub-0015417/ses-01/files/task-rest01/MotionCorrection/task-rest01_mc.mat/MAT_0225
processing /output_dir/sub-0015417/ses-01/files/task-rest01/MotionCorrection/task-rest01_mc.mat/MAT_0226
processing /output_dir/sub-0015417/ses-01/files/task-rest01/MotionCorrection/task-rest01_mc.mat/MAT_0227
processing /output_dir/sub-0015417/ses-01/files/task-rest01/MotionCorrection/task-rest01_mc.mat/MAT_0228
processing /output_dir/sub-0015417/ses-01/files/task-rest01/MotionCorrection/task-rest01_mc.mat/MAT_0229
processing /output_dir/sub-0015417/ses-01/files/task-rest01/MotionCorrection/task-rest01_mc.mat/MAT_0230
processing /output_dir/sub-0015417/ses-01/files/task-rest01/MotionCorrection/task-rest01_mc.mat/MAT_0231
processing /output_dir/sub-0015417/ses-01/files/task-rest01/MotionCorrection/task-rest01_mc.mat/MAT_0232
processing /output_dir/sub-0015417/ses-01/files/task-rest01/MotionCorrection/task-rest01_mc.mat/MAT_0233
processing /output_dir/sub-0015417/ses-01/files/task-rest01/MotionCorrection/task-rest01_mc.mat/MAT_0234
processing /output_dir/sub-0015417/ses-01/files/task-rest01/MotionCorrection/task-rest01_mc.mat/MAT_0235
processing /output_dir/sub-0015417/ses-01/files/task-rest01/MotionCorrection/task-rest01_mc.mat/MAT_0236
processing /output_dir/sub-0015417/ses-01/files/task-rest01/MotionCorrection/task-rest01_mc.mat/MAT_0237
processing /output_dir/sub-0015417/ses-01/files/task-rest01/MotionCorrection/task-rest01_mc.mat/MAT_0238
processing /output_dir/sub-0015417/ses-01/files/task-rest01/MotionCorrection/task-rest01_mc.mat/MAT_0239
processing /output_dir/sub-0015417/ses-01/files/task-rest01/MotionCorrection/task-rest01_mc.mat/MAT_0240
processing /output_dir/sub-0015417/ses-01/files/task-rest01/MotionCorrection/task-rest01_mc.mat/MAT_0241
processing /output_dir/sub-0015417/ses-01/files/task-rest01/MotionCorrection/task-rest01_mc.mat/MAT_0242
processing /output_dir/sub-0015417/ses-01/files/task-rest01/MotionCorrection/task-rest01_mc.mat/MAT_0243
processing /output_dir/sub-0015417/ses-01/files/task-rest01/MotionCorrection/task-rest01_mc.mat/MAT_0244
processing /output_dir/sub-0015417/ses-01/files/task-rest01/MotionCorrection/task-rest01_mc.mat/MAT_0245
processing /output_dir/sub-0015417/ses-01/files/task-rest01/MotionCorrection/task-rest01_mc.mat/MAT_0246
processing /output_dir/sub-0015417/ses-01/files/task-rest01/MotionCorrection/task-rest01_mc.mat/MAT_0247
processing /output_dir/sub-0015417/ses-01/files/task-rest01/MotionCorrection/task-rest01_mc.mat/MAT_0248
processing /output_dir/sub-0015417/ses-01/files/task-rest01/MotionCorrection/task-rest01_mc.mat/MAT_0249
processing /output_dir/sub-0015417/ses-01/files/task-rest01/MotionCorrection/task-rest01_mc.mat/MAT_0250
processing /output_dir/sub-0015417/ses-01/files/task-rest01/MotionCorrection/task-rest01_mc.mat/MAT_0251
processing /output_dir/sub-0015417/ses-01/files/task-rest01/MotionCorrection/task-rest01_mc.mat/MAT_0252
processing /output_dir/sub-0015417/ses-01/files/task-rest01/MotionCorrection/task-rest01_mc.mat/MAT_0253
processing /output_dir/sub-0015417/ses-01/files/task-rest01/MotionCorrection/task-rest01_mc.mat/MAT_0254
processing /output_dir/sub-0015417/ses-01/files/task-rest01/MotionCorrection/task-rest01_mc.mat/MAT_0255
processing /output_dir/sub-0015417/ses-01/files/task-rest01/MotionCorrection/task-rest01_mc.mat/MAT_0256
processing /output_dir/sub-0015417/ses-01/files/task-rest01/MotionCorrection/task-rest01_mc.mat/MAT_0257
processing /output_dir/sub-0015417/ses-01/files/task-rest01/MotionCorrection/task-rest01_mc.mat/MAT_0258
processing /output_dir/sub-0015417/ses-01/files/task-rest01/MotionCorrection/task-rest01_mc.mat/MAT_0259
processing /output_dir/sub-0015417/ses-01/files/task-rest01/MotionCorrection/task-rest01_mc.mat/MAT_0260
processing /output_dir/sub-0015417/ses-01/files/task-rest01/MotionCorrection/task-rest01_mc.mat/MAT_0261
processing /output_dir/sub-0015417/ses-01/files/task-rest01/MotionCorrection/task-rest01_mc.mat/MAT_0262
processing /output_dir/sub-0015417/ses-01/files/task-rest01/MotionCorrection/task-rest01_mc.mat/MAT_0263
processing /output_dir/sub-0015417/ses-01/files/task-rest01/MotionCorrection/task-rest01_mc.mat/MAT_0264
processing /output_dir/sub-0015417/ses-01/files/task-rest01/MotionCorrection/task-rest01_mc.mat/MAT_0265
processing /output_dir/sub-0015417/ses-01/files/task-rest01/MotionCorrection/task-rest01_mc.mat/MAT_0266
processing /output_dir/sub-0015417/ses-01/files/task-rest01/MotionCorrection/task-rest01_mc.mat/MAT_0267
processing /output_dir/sub-0015417/ses-01/files/task-rest01/MotionCorrection/task-rest01_mc.mat/MAT_0268
processing /output_dir/sub-0015417/ses-01/files/task-rest01/MotionCorrection/task-rest01_mc.mat/MAT_0269
processing /output_dir/sub-0015417/ses-01/files/task-rest01/MotionCorrection/task-rest01_mc.mat/MAT_0270
processing /output_dir/sub-0015417/ses-01/files/task-rest01/MotionCorrection/task-rest01_mc.mat/MAT_0271
processing /output_dir/sub-0015417/ses-01/files/task-rest01/MotionCorrection/task-rest01_mc.mat/MAT_0272
processing /output_dir/sub-0015417/ses-01/files/task-rest01/MotionCorrection/task-rest01_mc.mat/MAT_0273
processing /output_dir/sub-0015417/ses-01/files/task-rest01/MotionCorrection/task-rest01_mc.mat/MAT_0274
processing /output_dir/sub-0015417/ses-01/files/task-rest01/MotionCorrection/task-rest01_mc.mat/MAT_0275
processing /output_dir/sub-0015417/ses-01/files/task-rest01/MotionCorrection/task-rest01_mc.mat/MAT_0276
processing /output_dir/sub-0015417/ses-01/files/task-rest01/MotionCorrection/task-rest01_mc.mat/MAT_0277
processing /output_dir/sub-0015417/ses-01/files/task-rest01/MotionCorrection/task-rest01_mc.mat/MAT_0278
processing /output_dir/sub-0015417/ses-01/files/task-rest01/MotionCorrection/task-rest01_mc.mat/MAT_0279
processing /output_dir/sub-0015417/ses-01/files/task-rest01/MotionCorrection/task-rest01_mc.mat/MAT_0280
processing /output_dir/sub-0015417/ses-01/files/task-rest01/MotionCorrection/task-rest01_mc.mat/MAT_0281
processing /output_dir/sub-0015417/ses-01/files/task-rest01/MotionCorrection/task-rest01_mc.mat/MAT_0282
processing /output_dir/sub-0015417/ses-01/files/task-rest01/MotionCorrection/task-rest01_mc.mat/MAT_0283
processing /output_dir/sub-0015417/ses-01/files/task-rest01/MotionCorrection/task-rest01_mc.mat/MAT_0284
processing /output_dir/sub-0015417/ses-01/files/task-rest01/MotionCorrection/task-rest01_mc.mat/MAT_0285
processing /output_dir/sub-0015417/ses-01/files/task-rest01/MotionCorrection/task-rest01_mc.mat/MAT_0286
processing /output_dir/sub-0015417/ses-01/files/task-rest01/MotionCorrection/task-rest01_mc.mat/MAT_0287
processing /output_dir/sub-0015417/ses-01/files/task-rest01/MotionCorrection/task-rest01_mc.mat/MAT_0288
processing /output_dir/sub-0015417/ses-01/files/task-rest01/MotionCorrection/task-rest01_mc.mat/MAT_0289
processing /output_dir/sub-0015417/ses-01/files/task-rest01/MotionCorrection/task-rest01_mc.mat/MAT_0290
processing /output_dir/sub-0015417/ses-01/files/task-rest01/MotionCorrection/task-rest01_mc.mat/MAT_0291
processing /output_dir/sub-0015417/ses-01/files/task-rest01/MotionCorrection/task-rest01_mc.mat/MAT_0292
processing /output_dir/sub-0015417/ses-01/files/task-rest01/MotionCorrection/task-rest01_mc.mat/MAT_0293
processing /output_dir/sub-0015417/ses-01/files/task-rest01/MotionCorrection/task-rest01_mc.mat/MAT_0294
processing /output_dir/sub-0015417/ses-01/files/task-rest01/MotionCorrection/task-rest01_mc.mat/MAT_0295
processing /output_dir/sub-0015417/ses-01/files/task-rest01/MotionCorrection/task-rest01_mc.mat/MAT_0296
processing /output_dir/sub-0015417/ses-01/files/task-rest01/MotionCorrection/task-rest01_mc.mat/MAT_0297
processing /output_dir/sub-0015417/ses-01/files/task-rest01/MotionCorrection/task-rest01_mc.mat/MAT_0298
processing /output_dir/sub-0015417/ses-01/files/task-rest01/MotionCorrection/task-rest01_mc.mat/MAT_0299
processing /output_dir/sub-0015417/ses-01/files/task-rest01/MotionCorrection/task-rest01_mc.mat/MAT_0300
processing /output_dir/sub-0015417/ses-01/files/task-rest01/MotionCorrection/task-rest01_mc.mat/MAT_0301
processing /output_dir/sub-0015417/ses-01/files/task-rest01/MotionCorrection/task-rest01_mc.mat/MAT_0302
processing /output_dir/sub-0015417/ses-01/files/task-rest01/MotionCorrection/task-rest01_mc.mat/MAT_0303
processing /output_dir/sub-0015417/ses-01/files/task-rest01/MotionCorrection/task-rest01_mc.mat/MAT_0304
processing /output_dir/sub-0015417/ses-01/files/task-rest01/MotionCorrection/task-rest01_mc.mat/MAT_0305
processing /output_dir/sub-0015417/ses-01/files/task-rest01/MotionCorrection/task-rest01_mc.mat/MAT_0306
processing /output_dir/sub-0015417/ses-01/files/task-rest01/MotionCorrection/task-rest01_mc.mat/MAT_0307
processing /output_dir/sub-0015417/ses-01/files/task-rest01/MotionCorrection/task-rest01_mc.mat/MAT_0308
processing /output_dir/sub-0015417/ses-01/files/task-rest01/MotionCorrection/task-rest01_mc.mat/MAT_0309
processing /output_dir/sub-0015417/ses-01/files/task-rest01/MotionCorrection/task-rest01_mc.mat/MAT_0310
processing /output_dir/sub-0015417/ses-01/files/task-rest01/MotionCorrection/task-rest01_mc.mat/MAT_0311
processing /output_dir/sub-0015417/ses-01/files/task-rest01/MotionCorrection/task-rest01_mc.mat/MAT_0312
processing /output_dir/sub-0015417/ses-01/files/task-rest01/MotionCorrection/task-rest01_mc.mat/MAT_0313
processing /output_dir/sub-0015417/ses-01/files/task-rest01/MotionCorrection/task-rest01_mc.mat/MAT_0314
processing /output_dir/sub-0015417/ses-01/files/task-rest01/MotionCorrection/task-rest01_mc.mat/MAT_0315
processing /output_dir/sub-0015417/ses-01/files/task-rest01/MotionCorrection/task-rest01_mc.mat/MAT_0316
processing /output_dir/sub-0015417/ses-01/files/task-rest01/MotionCorrection/task-rest01_mc.mat/MAT_0317
processing /output_dir/sub-0015417/ses-01/files/task-rest01/MotionCorrection/task-rest01_mc.mat/MAT_0318
processing /output_dir/sub-0015417/ses-01/files/task-rest01/MotionCorrection/task-rest01_mc.mat/MAT_0319
processing /output_dir/sub-0015417/ses-01/files/task-rest01/MotionCorrection/task-rest01_mc.mat/MAT_0320
processing /output_dir/sub-0015417/ses-01/files/task-rest01/MotionCorrection/task-rest01_mc.mat/MAT_0321
processing /output_dir/sub-0015417/ses-01/files/task-rest01/MotionCorrection/task-rest01_mc.mat/MAT_0322
processing /output_dir/sub-0015417/ses-01/files/task-rest01/MotionCorrection/task-rest01_mc.mat/MAT_0323
processing /output_dir/sub-0015417/ses-01/files/task-rest01/MotionCorrection/task-rest01_mc.mat/MAT_0324
processing /output_dir/sub-0015417/ses-01/files/task-rest01/MotionCorrection/task-rest01_mc.mat/MAT_0325
processing /output_dir/sub-0015417/ses-01/files/task-rest01/MotionCorrection/task-rest01_mc.mat/MAT_0326
processing /output_dir/sub-0015417/ses-01/files/task-rest01/MotionCorrection/task-rest01_mc.mat/MAT_0327
processing /output_dir/sub-0015417/ses-01/files/task-rest01/MotionCorrection/task-rest01_mc.mat/MAT_0328
processing /output_dir/sub-0015417/ses-01/files/task-rest01/MotionCorrection/task-rest01_mc.mat/MAT_0329
processing /output_dir/sub-0015417/ses-01/files/task-rest01/MotionCorrection/task-rest01_mc.mat/MAT_0330
processing /output_dir/sub-0015417/ses-01/files/task-rest01/MotionCorrection/task-rest01_mc.mat/MAT_0331
processing /output_dir/sub-0015417/ses-01/files/task-rest01/MotionCorrection/task-rest01_mc.mat/MAT_0332
processing /output_dir/sub-0015417/ses-01/files/task-rest01/MotionCorrection/task-rest01_mc.mat/MAT_0333
processing /output_dir/sub-0015417/ses-01/files/task-rest01/MotionCorrection/task-rest01_mc.mat/MAT_0334
processing /output_dir/sub-0015417/ses-01/files/task-rest01/MotionCorrection/task-rest01_mc.mat/MAT_0335
processing /output_dir/sub-0015417/ses-01/files/task-rest01/MotionCorrection/task-rest01_mc.mat/MAT_0336
processing /output_dir/sub-0015417/ses-01/files/task-rest01/MotionCorrection/task-rest01_mc.mat/MAT_0337
processing /output_dir/sub-0015417/ses-01/files/task-rest01/MotionCorrection/task-rest01_mc.mat/MAT_0338
processing /output_dir/sub-0015417/ses-01/files/task-rest01/MotionCorrection/task-rest01_mc.mat/MAT_0339
processing /output_dir/sub-0015417/ses-01/files/task-rest01/MotionCorrection/task-rest01_mc.mat/MAT_0340
processing /output_dir/sub-0015417/ses-01/files/task-rest01/MotionCorrection/task-rest01_mc.mat/MAT_0341
processing /output_dir/sub-0015417/ses-01/files/task-rest01/MotionCorrection/task-rest01_mc.mat/MAT_0342
processing /output_dir/sub-0015417/ses-01/files/task-rest01/MotionCorrection/task-rest01_mc.mat/MAT_0343
processing /output_dir/sub-0015417/ses-01/files/task-rest01/MotionCorrection/task-rest01_mc.mat/MAT_0344
processing /output_dir/sub-0015417/ses-01/files/task-rest01/MotionCorrection/task-rest01_mc.mat/MAT_0345
processing /output_dir/sub-0015417/ses-01/files/task-rest01/MotionCorrection/task-rest01_mc.mat/MAT_0346
processing /output_dir/sub-0015417/ses-01/files/task-rest01/MotionCorrection/task-rest01_mc.mat/MAT_0347
processing /output_dir/sub-0015417/ses-01/files/task-rest01/MotionCorrection/task-rest01_mc.mat/MAT_0348
processing /output_dir/sub-0015417/ses-01/files/task-rest01/MotionCorrection/task-rest01_mc.mat/MAT_0349
processing /output_dir/sub-0015417/ses-01/files/task-rest01/MotionCorrection/task-rest01_mc.mat/MAT_0350
processing /output_dir/sub-0015417/ses-01/files/task-rest01/MotionCorrection/task-rest01_mc.mat/MAT_0351
processing /output_dir/sub-0015417/ses-01/files/task-rest01/MotionCorrection/task-rest01_mc.mat/MAT_0352
processing /output_dir/sub-0015417/ses-01/files/task-rest01/MotionCorrection/task-rest01_mc.mat/MAT_0353
processing /output_dir/sub-0015417/ses-01/files/task-rest01/MotionCorrection/task-rest01_mc.mat/MAT_0354
processing /output_dir/sub-0015417/ses-01/files/task-rest01/MotionCorrection/task-rest01_mc.mat/MAT_0355
processing /output_dir/sub-0015417/ses-01/files/task-rest01/MotionCorrection/task-rest01_mc.mat/MAT_0356
processing /output_dir/sub-0015417/ses-01/files/task-rest01/MotionCorrection/task-rest01_mc.mat/MAT_0357
processing /output_dir/sub-0015417/ses-01/files/task-rest01/MotionCorrection/task-rest01_mc.mat/MAT_0358
processing /output_dir/sub-0015417/ses-01/files/task-rest01/MotionCorrection/task-rest01_mc.mat/MAT_0359
processing /output_dir/sub-0015417/ses-01/files/task-rest01/MotionCorrection/task-rest01_mc.mat/MAT_0360
processing /output_dir/sub-0015417/ses-01/files/task-rest01/MotionCorrection/task-rest01_mc.mat/MAT_0361
processing /output_dir/sub-0015417/ses-01/files/task-rest01/MotionCorrection/task-rest01_mc.mat/MAT_0362
processing /output_dir/sub-0015417/ses-01/files/task-rest01/MotionCorrection/task-rest01_mc.mat/MAT_0363
processing /output_dir/sub-0015417/ses-01/files/task-rest01/MotionCorrection/task-rest01_mc.mat/MAT_0364
processing /output_dir/sub-0015417/ses-01/files/task-rest01/MotionCorrection/task-rest01_mc.mat/MAT_0365
processing /output_dir/sub-0015417/ses-01/files/task-rest01/MotionCorrection/task-rest01_mc.mat/MAT_0366
processing /output_dir/sub-0015417/ses-01/files/task-rest01/MotionCorrection/task-rest01_mc.mat/MAT_0367
processing /output_dir/sub-0015417/ses-01/files/task-rest01/MotionCorrection/task-rest01_mc.mat/MAT_0368
processing /output_dir/sub-0015417/ses-01/files/task-rest01/MotionCorrection/task-rest01_mc.mat/MAT_0369
processing /output_dir/sub-0015417/ses-01/files/task-rest01/MotionCorrection/task-rest01_mc.mat/MAT_0370
processing /output_dir/sub-0015417/ses-01/files/task-rest01/MotionCorrection/task-rest01_mc.mat/MAT_0371
processing /output_dir/sub-0015417/ses-01/files/task-rest01/MotionCorrection/task-rest01_mc.mat/MAT_0372
processing /output_dir/sub-0015417/ses-01/files/task-rest01/MotionCorrection/task-rest01_mc.mat/MAT_0373
processing /output_dir/sub-0015417/ses-01/files/task-rest01/MotionCorrection/task-rest01_mc.mat/MAT_0374
processing /output_dir/sub-0015417/ses-01/files/task-rest01/MotionCorrection/task-rest01_mc.mat/MAT_0375
processing /output_dir/sub-0015417/ses-01/files/task-rest01/MotionCorrection/task-rest01_mc.mat/MAT_0376
processing /output_dir/sub-0015417/ses-01/files/task-rest01/MotionCorrection/task-rest01_mc.mat/MAT_0377
processing /output_dir/sub-0015417/ses-01/files/task-rest01/MotionCorrection/task-rest01_mc.mat/MAT_0378
processing /output_dir/sub-0015417/ses-01/files/task-rest01/MotionCorrection/task-rest01_mc.mat/MAT_0379
processing /output_dir/sub-0015417/ses-01/files/task-rest01/MotionCorrection/task-rest01_mc.mat/MAT_0380
processing /output_dir/sub-0015417/ses-01/files/task-rest01/MotionCorrection/task-rest01_mc.mat/MAT_0381
processing /output_dir/sub-0015417/ses-01/files/task-rest01/MotionCorrection/task-rest01_mc.mat/MAT_0382
processing /output_dir/sub-0015417/ses-01/files/task-rest01/MotionCorrection/task-rest01_mc.mat/MAT_0383
processing /output_dir/sub-0015417/ses-01/files/task-rest01/MotionCorrection/task-rest01_mc.mat/MAT_0384
processing /output_dir/sub-0015417/ses-01/files/task-rest01/MotionCorrection/task-rest01_mc.mat/MAT_0385
processing /output_dir/sub-0015417/ses-01/files/task-rest01/MotionCorrection/task-rest01_mc.mat/MAT_0386
processing /output_dir/sub-0015417/ses-01/files/task-rest01/MotionCorrection/task-rest01_mc.mat/MAT_0387
processing /output_dir/sub-0015417/ses-01/files/task-rest01/MotionCorrection/task-rest01_mc.mat/MAT_0388
processing /output_dir/sub-0015417/ses-01/files/task-rest01/MotionCorrection/task-rest01_mc.mat/MAT_0389
processing /output_dir/sub-0015417/ses-01/files/task-rest01/MotionCorrection/task-rest01_mc.mat/MAT_0390
processing /output_dir/sub-0015417/ses-01/files/task-rest01/MotionCorrection/task-rest01_mc.mat/MAT_0391
processing /output_dir/sub-0015417/ses-01/files/task-rest01/MotionCorrection/task-rest01_mc.mat/MAT_0392
processing /output_dir/sub-0015417/ses-01/files/task-rest01/MotionCorrection/task-rest01_mc.mat/MAT_0393
processing /output_dir/sub-0015417/ses-01/files/task-rest01/MotionCorrection/task-rest01_mc.mat/MAT_0394
processing /output_dir/sub-0015417/ses-01/files/task-rest01/MotionCorrection/task-rest01_mc.mat/MAT_0395
processing /output_dir/sub-0015417/ses-01/files/task-rest01/MotionCorrection/task-rest01_mc.mat/MAT_0396
processing /output_dir/sub-0015417/ses-01/files/task-rest01/MotionCorrection/task-rest01_mc.mat/MAT_0397
processing /output_dir/sub-0015417/ses-01/files/task-rest01/MotionCorrection/task-rest01_mc.mat/MAT_0398
processing /output_dir/sub-0015417/ses-01/files/task-rest01/MotionCorrection/task-rest01_mc.mat/MAT_0399
processing /output_dir/sub-0015417/ses-01/files/task-rest01/MotionCorrection/task-rest01_mc.mat/MAT_0400
processing /output_dir/sub-0015417/ses-01/files/task-rest01/MotionCorrection/task-rest01_mc.mat/MAT_0401
processing /output_dir/sub-0015417/ses-01/files/task-rest01/MotionCorrection/task-rest01_mc.mat/MAT_0402
processing /output_dir/sub-0015417/ses-01/files/task-rest01/MotionCorrection/task-rest01_mc.mat/MAT_0403
processing /output_dir/sub-0015417/ses-01/files/task-rest01/MotionCorrection/task-rest01_mc.mat/MAT_0404
processing /output_dir/sub-0015417/ses-01/files/task-rest01/MotionCorrection/task-rest01_mc.mat/MAT_0405
processing /output_dir/sub-0015417/ses-01/files/task-rest01/MotionCorrection/task-rest01_mc.mat/MAT_0406
processing /output_dir/sub-0015417/ses-01/files/task-rest01/MotionCorrection/task-rest01_mc.mat/MAT_0407
processing /output_dir/sub-0015417/ses-01/files/task-rest01/MotionCorrection/task-rest01_mc.mat/MAT_0408
processing /output_dir/sub-0015417/ses-01/files/task-rest01/MotionCorrection/task-rest01_mc.mat/MAT_0409
processing /output_dir/sub-0015417/ses-01/files/task-rest01/MotionCorrection/task-rest01_mc.mat/MAT_0410
processing /output_dir/sub-0015417/ses-01/files/task-rest01/MotionCorrection/task-rest01_mc.mat/MAT_0411
processing /output_dir/sub-0015417/ses-01/files/task-rest01/MotionCorrection/task-rest01_mc.mat/MAT_0412
processing /output_dir/sub-0015417/ses-01/files/task-rest01/MotionCorrection/task-rest01_mc.mat/MAT_0413
processing /output_dir/sub-0015417/ses-01/files/task-rest01/MotionCorrection/task-rest01_mc.mat/MAT_0414
processing /output_dir/sub-0015417/ses-01/files/task-rest01/MotionCorrection/task-rest01_mc.mat/MAT_0415
processing /output_dir/sub-0015417/ses-01/files/task-rest01/MotionCorrection/task-rest01_mc.mat/MAT_0416
processing /output_dir/sub-0015417/ses-01/files/task-rest01/MotionCorrection/task-rest01_mc.mat/MAT_0417
processing /output_dir/sub-0015417/ses-01/files/task-rest01/MotionCorrection/task-rest01_mc.mat/MAT_0418
processing /output_dir/sub-0015417/ses-01/files/task-rest01/MotionCorrection/task-rest01_mc.mat/MAT_0419
processing /output_dir/sub-0015417/ses-01/files/task-rest01/MotionCorrection/task-rest01_mc.mat/MAT_0420
processing /output_dir/sub-0015417/ses-01/files/task-rest01/MotionCorrection/task-rest01_mc.mat/MAT_0421
processing /output_dir/sub-0015417/ses-01/files/task-rest01/MotionCorrection/task-rest01_mc.mat/MAT_0422
processing /output_dir/sub-0015417/ses-01/files/task-rest01/MotionCorrection/task-rest01_mc.mat/MAT_0423
processing /output_dir/sub-0015417/ses-01/files/task-rest01/MotionCorrection/task-rest01_mc.mat/MAT_0424
processing /output_dir/sub-0015417/ses-01/files/task-rest01/MotionCorrection/task-rest01_mc.mat/MAT_0425
processing /output_dir/sub-0015417/ses-01/files/task-rest01/MotionCorrection/task-rest01_mc.mat/MAT_0426
processing /output_dir/sub-0015417/ses-01/files/task-rest01/MotionCorrection/task-rest01_mc.mat/MAT_0427
processing /output_dir/sub-0015417/ses-01/files/task-rest01/MotionCorrection/task-rest01_mc.mat/MAT_0428
processing /output_dir/sub-0015417/ses-01/files/task-rest01/MotionCorrection/task-rest01_mc.mat/MAT_0429
processing /output_dir/sub-0015417/ses-01/files/task-rest01/MotionCorrection/task-rest01_mc.mat/MAT_0430
processing /output_dir/sub-0015417/ses-01/files/task-rest01/MotionCorrection/task-rest01_mc.mat/MAT_0431
processing /output_dir/sub-0015417/ses-01/files/task-rest01/MotionCorrection/task-rest01_mc.mat/MAT_0432
processing /output_dir/sub-0015417/ses-01/files/task-rest01/MotionCorrection/task-rest01_mc.mat/MAT_0433
processing /output_dir/sub-0015417/ses-01/files/task-rest01/MotionCorrection/task-rest01_mc.mat/MAT_0434
processing /output_dir/sub-0015417/ses-01/files/task-rest01/MotionCorrection/task-rest01_mc.mat/MAT_0435
processing /output_dir/sub-0015417/ses-01/files/task-rest01/MotionCorrection/task-rest01_mc.mat/MAT_0436
processing /output_dir/sub-0015417/ses-01/files/task-rest01/MotionCorrection/task-rest01_mc.mat/MAT_0437
processing /output_dir/sub-0015417/ses-01/files/task-rest01/MotionCorrection/task-rest01_mc.mat/MAT_0438
processing /output_dir/sub-0015417/ses-01/files/task-rest01/MotionCorrection/task-rest01_mc.mat/MAT_0439
processing /output_dir/sub-0015417/ses-01/files/task-rest01/MotionCorrection/task-rest01_mc.mat/MAT_0440
processing /output_dir/sub-0015417/ses-01/files/task-rest01/MotionCorrection/task-rest01_mc.mat/MAT_0441
processing /output_dir/sub-0015417/ses-01/files/task-rest01/MotionCorrection/task-rest01_mc.mat/MAT_0442
processing /output_dir/sub-0015417/ses-01/files/task-rest01/MotionCorrection/task-rest01_mc.mat/MAT_0443
processing /output_dir/sub-0015417/ses-01/files/task-rest01/MotionCorrection/task-rest01_mc.mat/MAT_0444
processing /output_dir/sub-0015417/ses-01/files/task-rest01/MotionCorrection/task-rest01_mc.mat/MAT_0445
processing /output_dir/sub-0015417/ses-01/files/task-rest01/MotionCorrection/task-rest01_mc.mat/MAT_0446
processing /output_dir/sub-0015417/ses-01/files/task-rest01/MotionCorrection/task-rest01_mc.mat/MAT_0447
processing /output_dir/sub-0015417/ses-01/files/task-rest01/MotionCorrection/task-rest01_mc.mat/MAT_0448
processing /output_dir/sub-0015417/ses-01/files/task-rest01/MotionCorrection/task-rest01_mc.mat/MAT_0449
processing /output_dir/sub-0015417/ses-01/files/task-rest01/MotionCorrection/task-rest01_mc.mat/MAT_0450
processing /output_dir/sub-0015417/ses-01/files/task-rest01/MotionCorrection/task-rest01_mc.mat/MAT_0451
processing /output_dir/sub-0015417/ses-01/files/task-rest01/MotionCorrection/task-rest01_mc.mat/MAT_0452
processing /output_dir/sub-0015417/ses-01/files/task-rest01/MotionCorrection/task-rest01_mc.mat/MAT_0453
processing /output_dir/sub-0015417/ses-01/files/task-rest01/MotionCorrection/task-rest01_mc.mat/MAT_0454
processing /output_dir/sub-0015417/ses-01/files/task-rest01/MotionCorrection/task-rest01_mc.mat/MAT_0455
processing /output_dir/sub-0015417/ses-01/files/task-rest01/MotionCorrection/task-rest01_mc.mat/MAT_0456
processing /output_dir/sub-0015417/ses-01/files/task-rest01/MotionCorrection/task-rest01_mc.mat/MAT_0457
processing /output_dir/sub-0015417/ses-01/files/task-rest01/MotionCorrection/task-rest01_mc.mat/MAT_0458
processing /output_dir/sub-0015417/ses-01/files/task-rest01/MotionCorrection/task-rest01_mc.mat/MAT_0459
processing /output_dir/sub-0015417/ses-01/files/task-rest01/MotionCorrection/task-rest01_mc.mat/MAT_0460
processing /output_dir/sub-0015417/ses-01/files/task-rest01/MotionCorrection/task-rest01_mc.mat/MAT_0461
processing /output_dir/sub-0015417/ses-01/files/task-rest01/MotionCorrection/task-rest01_mc.mat/MAT_0462
processing /output_dir/sub-0015417/ses-01/files/task-rest01/MotionCorrection/task-rest01_mc.mat/MAT_0463
processing /output_dir/sub-0015417/ses-01/files/task-rest01/MotionCorrection/task-rest01_mc.mat/MAT_0464
processing /output_dir/sub-0015417/ses-01/files/task-rest01/MotionCorrection/task-rest01_mc.mat/MAT_0465
processing /output_dir/sub-0015417/ses-01/files/task-rest01/MotionCorrection/task-rest01_mc.mat/MAT_0466
processing /output_dir/sub-0015417/ses-01/files/task-rest01/MotionCorrection/task-rest01_mc.mat/MAT_0467
processing /output_dir/sub-0015417/ses-01/files/task-rest01/MotionCorrection/task-rest01_mc.mat/MAT_0468
processing /output_dir/sub-0015417/ses-01/files/task-rest01/MotionCorrection/task-rest01_mc.mat/MAT_0469
processing /output_dir/sub-0015417/ses-01/files/task-rest01/MotionCorrection/task-rest01_mc.mat/MAT_0470
processing /output_dir/sub-0015417/ses-01/files/task-rest01/MotionCorrection/task-rest01_mc.mat/MAT_0471
processing /output_dir/sub-0015417/ses-01/files/task-rest01/MotionCorrection/task-rest01_mc.mat/MAT_0472
processing /output_dir/sub-0015417/ses-01/files/task-rest01/MotionCorrection/task-rest01_mc.mat/MAT_0473
processing /output_dir/sub-0015417/ses-01/files/task-rest01/MotionCorrection/task-rest01_mc.mat/MAT_0474
processing /output_dir/sub-0015417/ses-01/files/task-rest01/MotionCorrection/task-rest01_mc.mat/MAT_0475
processing /output_dir/sub-0015417/ses-01/files/task-rest01/MotionCorrection/task-rest01_mc.mat/MAT_0476
processing /output_dir/sub-0015417/ses-01/files/task-rest01/MotionCorrection/task-rest01_mc.mat/MAT_0477
Thu Mar 11 03:31:27 CST 2021 - MotionCorrection.sh - Change names of all matrices in OutputMotionMatrixFolder
Thu Mar 11 03:31:32 CST 2021 - MotionCorrection.sh - Run the Derive function to generate appropriate regressors from the par file
Thu Mar 11 03:32:30 CST 2021 - MotionCorrection.sh - END
/tmp
Thu Mar 11 03:32:30 CST 2021 - GenericfMRIVolumeProcessingPipeline.sh - EPI Distortion Correction and EPI to T1w Registration
Thu Mar 11 03:32:30 CST 2021 - GenericfMRIVolumeProcessingPipeline.sh - mkdir -p /output_dir/sub-0015417/ses-01/files/task-rest01/DistortionCorrectionAndEPIToT1wReg_FLIRTBBRAndFreeSurferBBRbased
Thu Mar 11 03:32:33 CST 2021 - DistortionCorrectionAndEPIToT1wReg_FLIRTBBRAndFreeSurferBBRbased.sh - START
Thu Mar 11 03:32:34 CST 2021 - TopupPreprocessingAll.sh - START: Topup Field Map Generation and Gradient Unwarping
SSD = 1075.42	n = 88400	Reg = 0	Cost = 1075.42
SSD = 756.811	n = 88400	Reg = 59.3918	Cost = 816.203
SSD = 619.615	n = 88400	Reg = 102.764	Cost = 722.379
SSD = 558.761	n = 88373	Reg = 125.127	Cost = 683.889
SSD = 529.349	n = 88180	Reg = 137.651	Cost = 667
SSD = 514.673	n = 88032	Reg = 144.769	Cost = 659.443
***Going to next resolution level***
SSD = 790.367	n = 88032	Reg = 66.9563	Cost = 857.323
SSD = 515.827	n = 88148	Reg = 103.285	Cost = 619.112
SSD = 416.022	n = 88266	Reg = 134.693	Cost = 550.715
SSD = 376.092	n = 88357	Reg = 149.367	Cost = 525.459
SSD = 357.948	n = 88396	Reg = 156.72	Cost = 514.667
SSD = 348.962	n = 88400	Reg = 160.659	Cost = 509.621
***Going to next resolution level***
SSD = 814.488	n = 88400	Reg = 37.5155	Cost = 852.003
SSD = 593.358	n = 88400	Reg = 69.5222	Cost = 662.88
SSD = 526.814	n = 88400	Reg = 89.1406	Cost = 615.955
SSD = 506.516	n = 88400	Reg = 96.7121	Cost = 603.228
SSD = 498.738	n = 88400	Reg = 99.619	Cost = 598.357
SSD = 494.988	n = 88400	Reg = 101.075	Cost = 596.062
***Going to next resolution level***
SSD = 754.572	n = 88400	Reg = 29.1	Cost = 783.672
SSD = 577.262	n = 88400	Reg = 35.5381	Cost = 612.8
SSD = 527.493	n = 88400	Reg = 49.0931	Cost = 576.586
SSD = 514.699	n = 88400	Reg = 55.0902	Cost = 569.79
SSD = 509.888	n = 88400	Reg = 57.4321	Cost = 567.321
SSD = 507.602	n = 88400	Reg = 58.5305	Cost = 566.133
***Going to next resolution level***
SSD = 507.645	n = 88400	Reg = 19.5274	Cost = 527.173
SSD = 490.547	n = 88400	Reg = 26.2635	Cost = 516.81
SSD = 482.504	n = 88400	Reg = 30.7605	Cost = 513.265
SSD = 479.942	n = 88400	Reg = 32.3841	Cost = 512.326
SSD = 479.007	n = 88400	Reg = 32.9537	Cost = 511.96
SSD = 478.547	n = 88400	Reg = 33.2178	Cost = 511.765
***Going to next resolution level***
SSD = 1024.9	n = 737418	Reg = 84.0653	Cost = 1108.97
SSD = 993.75	n = 737418	Reg = 81.494	Cost = 1075.24
SSD = 956.899	n = 737418	Reg = 78.4628	Cost = 1035.36
SSD = 906.548	n = 737418	Reg = 74.366	Cost = 980.914
SSD = 845.639	n = 737418	Reg = 69.5903	Cost = 915.229
SSD = 811.789	n = 737418	Reg = 67.0721	Cost = 878.861
SSD = 759.587	n = 737418	Reg = 63.5168	Cost = 823.104
SSD = 714.287	n = 737418	Reg = 60.975	Cost = 775.262
SSD = 684.25	n = 737418	Reg = 59.9614	Cost = 744.211
SSD = 650.559	n = 737418	Reg = 59.5383	Cost = 710.097
SSD = 632.012	n = 737418	Reg = 59.6731	Cost = 691.685
***Going to next resolution level***
SSD = 964.399	n = 737418	Reg = 16.3087	Cost = 980.707
SSD = 951.033	n = 737418	Reg = 16.0867	Cost = 967.12
SSD = 930.995	n = 737418	Reg = 15.7605	Cost = 946.756
SSD = 899.322	n = 737418	Reg = 15.2613	Cost = 914.583
SSD = 855.526	n = 737418	Reg = 14.6138	Cost = 870.14
SSD = 830.503	n = 737418	Reg = 14.291	Cost = 844.794
SSD = 774.49	n = 737418	Reg = 13.6105	Cost = 788.1
SSD = 734.962	n = 737418	Reg = 13.2773	Cost = 748.24
SSD = 690.837	n = 737418	Reg = 13.1081	Cost = 703.945
SSD = 665.185	n = 737418	Reg = 13.2383	Cost = 678.423
SSD = 641.051	n = 737418	Reg = 13.6061	Cost = 654.657
***Going to next resolution level***
SSD = 641.193	n = 737418	Reg = 0.136091	Cost = 641.329
SSD = 637.691	n = 737418	Reg = 0.13532	Cost = 637.826
SSD = 633.684	n = 737418	Reg = 0.134417	Cost = 633.819
SSD = 626.716	n = 737418	Reg = 0.13286	Cost = 626.848
SSD = 616.373	n = 737418	Reg = 0.130677	Cost = 616.503
SSD = 605.663	n = 737418	Reg = 0.128748	Cost = 605.792
SSD = 599.482	n = 737418	Reg = 0.127785	Cost = 599.61
SSD = 582.986	n = 737418	Reg = 0.125898	Cost = 583.112
SSD = 574.36	n = 737418	Reg = 0.125616	Cost = 574.486
SSD = 559.43	n = 737418	Reg = 0.126789	Cost = 559.557
SSD = 545.79	n = 737418	Reg = 0.129537	Cost = 545.92
SSD = 534.326	n = 737418	Reg = 0.134337	Cost = 534.461
SSD = 517.72	n = 737418	Reg = 0.144419	Cost = 517.864
SSD = 509.613	n = 737418	Reg = 0.150709	Cost = 509.764
SSD = 499.99	n = 737418	Reg = 0.160623	Cost = 500.151
SSD = 492.945	n = 737418	Reg = 0.166919	Cost = 493.112
SSD = 488.082	n = 737418	Reg = 0.171452	Cost = 488.253
SSD = 481.122	n = 737418	Reg = 0.178444	Cost = 481.3
SSD = 476.995	n = 737418	Reg = 0.181946	Cost = 477.177
SSD = 473.802	n = 737418	Reg = 0.184357	Cost = 473.986
SSD = 467.076	n = 737418	Reg = 0.189069	Cost = 467.265
***Going to next resolution level***
SSD = 467.076	n = 737418	Reg = 0.00378138	Cost = 467.079
SSD = 465.918	n = 737418	Reg = 0.00377026	Cost = 465.922
SSD = 464.633	n = 737418	Reg = 0.00375628	Cost = 464.637
SSD = 462.617	n = 737418	Reg = 0.00373185	Cost = 462.621
SSD = 459.27	n = 737418	Reg = 0.0036897	Cost = 459.274
SSD = 455.976	n = 737418	Reg = 0.00364519	Cost = 455.979
SSD = 452.262	n = 737418	Reg = 0.00359522	Cost = 452.265
SSD = 447.335	n = 737418	Reg = 0.0035245	Cost = 447.338
SSD = 441.369	n = 737418	Reg = 0.00343717	Cost = 441.372
SSD = 436.583	n = 737418	Reg = 0.00335969	Cost = 436.586
SSD = 432.293	n = 737418	Reg = 0.00328679	Cost = 432.296
SSD = 429.688	n = 737418	Reg = 0.00324315	Cost = 429.691
SSD = 426.79	n = 737418	Reg = 0.00319953	Cost = 426.794
SSD = 424.84	n = 737418	Reg = 0.00317907	Cost = 424.843
SSD = 423.376	n = 737418	Reg = 0.00317202	Cost = 423.379
SSD = 421.642	n = 737418	Reg = 0.0031741	Cost = 421.645
SSD = 420.89	n = 737418	Reg = 0.00318031	Cost = 420.894
SSD = 419.404	n = 737418	Reg = 0.003206	Cost = 419.407
SSD = 417.588	n = 737418	Reg = 0.00324913	Cost = 417.591
SSD = 416.653	n = 737418	Reg = 0.0032755	Cost = 416.656
SSD = 413.533	n = 737418	Reg = 0.00338838	Cost = 413.537
SSD = 410.5	n = 737418	Reg = 0.00350852	Cost = 410.503
SSD = 408.94	n = 737418	Reg = 0.00356729	Cost = 408.943
SSD = 404.312	n = 737418	Reg = 0.00376508	Cost = 404.316
SSD = 401.417	n = 737418	Reg = 0.00388857	Cost = 401.421
SSD = 400.078	n = 737418	Reg = 0.00393566	Cost = 400.082
SSD = 396.017	n = 737418	Reg = 0.00409236	Cost = 396.021
SSD = 393.803	n = 737418	Reg = 0.00418212	Cost = 393.807
SSD = 392.083	n = 737418	Reg = 0.00426271	Cost = 392.087
SSD = 390.48	n = 737418	Reg = 0.00433739	Cost = 390.484
SSD = 387.651	n = 737418	Reg = 0.00447405	Cost = 387.656
SSD = 385.146	n = 737418	Reg = 0.00460552	Cost = 385.15
SSD = 383.627	n = 737418	Reg = 0.00467815	Cost = 383.632
SSD = 381.923	n = 737418	Reg = 0.00476115	Cost = 381.928
SSD = 379.705	n = 737418	Reg = 0.00487609	Cost = 379.71
SSD = 378.196	n = 737418	Reg = 0.00495089	Cost = 378.201
SSD = 377.084	n = 737418	Reg = 0.00501008	Cost = 377.089
SSD = 376.282	n = 737418	Reg = 0.00504877	Cost = 376.287
SSD = 375.015	n = 737418	Reg = 0.00510854	Cost = 375.02
SSD = 373.801	n = 737418	Reg = 0.00516698	Cost = 373.806
SSD = 372.924	n = 737418	Reg = 0.00520672	Cost = 372.93
SSD = 372.071	n = 737418	Reg = 0.00524572	Cost = 372.076
SSD = 370.914	n = 737418	Reg = 0.00529458	Cost = 370.92
SSD = 369.89	n = 737418	Reg = 0.00533606	Cost = 369.896
SSD = 368.83	n = 737418	Reg = 0.00537531	Cost = 368.835
SSD = 367.93	n = 737418	Reg = 0.00540631	Cost = 367.935
SSD = 367.21	n = 737418	Reg = 0.00543104	Cost = 367.215
SSD = 366.199	n = 737418	Reg = 0.00546427	Cost = 366.205
SSD = 365.551	n = 737418	Reg = 0.00548357	Cost = 365.557
SSD = 364.685	n = 737418	Reg = 0.00550843	Cost = 364.69
SSD = 363.962	n = 737418	Reg = 0.00552857	Cost = 363.968
Thu Mar 11 03:44:39 CST 2021 - TopupPreprocessingAll.sh - END: Topup Field Map Generation and Gradient Unwarping
Thu Mar 11 03:44:39 CST 2021 - DistortionCorrectionAndEPIToT1wReg_FLIRTBBRAndFreeSurferBBRbased.sh - create a spline interpolated image of scout (distortion corrected in same space)
Thu Mar 11 03:44:40 CST 2021 - DistortionCorrectionAndEPIToT1wReg_FLIRTBBRAndFreeSurferBBRbased.sh - apply Jacobian correction to scout image
Thu Mar 11 03:44:40 CST 2021 - DistortionCorrectionAndEPIToT1wReg_FLIRTBBRAndFreeSurferBBRbased.sh - register undistorted scout image to T1w
Running FAST segmentation
FLIRT pre-alignment
Running BBR
0.399335 0.999999 0.000717 -0.001045 0.000000 -0.000710 0.999980 0.006358 0.000000 0.001049 -0.006357 0.999979 0.000000 -0.120432 0.483800 0.897938 1.000000 
Thu Mar 11 03:51:27 CST 2021 - DistortionCorrectionAndEPIToT1wReg_FLIRTBBRAndFreeSurferBBRbased.sh - generate combined warpfields and spline interpolated images and apply bias field correction
Thu Mar 11 03:52:30 CST 2021 - DistortionCorrectionAndEPIToT1wReg_FLIRTBBRAndFreeSurferBBRbased.sh - On to ComputeSpinEchoBiasField iff NONE = SEBASED
Thu Mar 11 03:52:30 CST 2021 - DistortionCorrectionAndEPIToT1wReg_FLIRTBBRAndFreeSurferBBRbased.sh - apply Jacobian correction to scout image
Thu Mar 11 03:52:32 CST 2021 - DistortionCorrectionAndEPIToT1wReg_FLIRTBBRAndFreeSurferBBRbased.sh - Check to see if FreeSurferNHP.sh was used
Thu Mar 11 03:52:32 CST 2021 - DistortionCorrectionAndEPIToT1wReg_FLIRTBBRAndFreeSurferBBRbased.sh - /output_dir/sub-0015417/ses-01/files/T1w/0015417_1mm does not exist. FreeSurferNHP.sh was not used.
Thu Mar 11 03:52:32 CST 2021 - DistortionCorrectionAndEPIToT1wReg_FLIRTBBRAndFreeSurferBBRbased.sh - Run Normally
Thu Mar 11 03:52:32 CST 2021 - DistortionCorrectionAndEPIToT1wReg_FLIRTBBRAndFreeSurferBBRbased.sh - Use "hidden" bbregister DOF options
Log file is /output_dir/sub-0015417/ses-01/files/task-rest01/DistortionCorrectionAndEPIToT1wReg_FLIRTBBRAndFreeSurferBBRbased/EPItoT1w.dat.log
Thu Mar 11 03:52:32 CST 2021

setenv SUBJECTS_DIR /output_dir/sub-0015417/ses-01/files/T1w
cd /tmp
/opt/freesurfer/bin/bbregister --s 0015417 --mov /output_dir/sub-0015417/ses-01/files/task-rest01/DistortionCorrectionAndEPIToT1wReg_FLIRTBBRAndFreeSurferBBRbased/Scout_gdc_undistorted2T1w_init.nii.gz --surf white.deformed --init-reg /output_dir/sub-0015417/ses-01/files/T1w/0015417/mri/transforms/eye.dat --bold --reg /output_dir/sub-0015417/ses-01/files/task-rest01/DistortionCorrectionAndEPIToT1wReg_FLIRTBBRAndFreeSurferBBRbased/EPItoT1w.dat --6 --o /output_dir/sub-0015417/ses-01/files/task-rest01/DistortionCorrectionAndEPIToT1wReg_FLIRTBBRAndFreeSurferBBRbased/Scout_gdc_undistorted2T1w.nii.gz

$Id: bbregister,v 1.49.2.3 2013/03/25 18:04:53 greve Exp $
Linux cn0096 3.10.0-1160.15.2.el7.x86_64 #1 SMP Wed Feb 3 15:06:38 UTC 2021 x86_64 x86_64 x86_64 GNU/Linux
FREESURFER_HOME /opt/freesurfer
mri_convert /output_dir/sub-0015417/ses-01/files/task-rest01/DistortionCorrectionAndEPIToT1wReg_FLIRTBBRAndFreeSurferBBRbased/Scout_gdc_undistorted2T1w_init.nii.gz /output_dir/sub-0015417/ses-01/files/task-rest01/DistortionCorrectionAndEPIToT1wReg_FLIRTBBRAndFreeSurferBBRbased/tmp.bbregister.800334/template.nii
mri_convert /output_dir/sub-0015417/ses-01/files/task-rest01/DistortionCorrectionAndEPIToT1wReg_FLIRTBBRAndFreeSurferBBRbased/Scout_gdc_undistorted2T1w_init.nii.gz /output_dir/sub-0015417/ses-01/files/task-rest01/DistortionCorrectionAndEPIToT1wReg_FLIRTBBRAndFreeSurferBBRbased/tmp.bbregister.800334/template.nii 
$Id: mri_convert.c,v 1.179.2.7 2012/09/05 21:55:16 mreuter Exp $
reading from /output_dir/sub-0015417/ses-01/files/task-rest01/DistortionCorrectionAndEPIToT1wReg_FLIRTBBRAndFreeSurferBBRbased/Scout_gdc_undistorted2T1w_init.nii.gz...
TR=800.00, TE=0.00, TI=0.00, flip angle=0.00
i_ras = (-1, 0, 0)
j_ras = (0, 1, 0)
k_ras = (0, 0, 1)
writing to /output_dir/sub-0015417/ses-01/files/task-rest01/DistortionCorrectionAndEPIToT1wReg_FLIRTBBRAndFreeSurferBBRbased/tmp.bbregister.800334/template.nii...
mri_segreg --mov /output_dir/sub-0015417/ses-01/files/task-rest01/DistortionCorrectionAndEPIToT1wReg_FLIRTBBRAndFreeSurferBBRbased/tmp.bbregister.800334/template.nii --init-reg /output_dir/sub-0015417/ses-01/files/T1w/0015417/mri/transforms/eye.dat --out-reg /output_dir/sub-0015417/ses-01/files/task-rest01/DistortionCorrectionAndEPIToT1wReg_FLIRTBBRAndFreeSurferBBRbased/tmp.bbregister.800334/bbr.pass1.dat --subsamp-brute 100 --subsamp 100 --tol 1e-4 --tol1d 1e-3 --brute -4 4 4 --surf white.deformed --gm-proj-frac 0.5 --gm-gt-wm 0.5
$Id: mri_segreg.c,v 1.103.2.1 2011/10/07 19:14:42 greve Exp $
setenv SUBJECTS_DIR /output_dir/sub-0015417/ses-01/files/T1w
cd /tmp
mri_segreg --mov /output_dir/sub-0015417/ses-01/files/task-rest01/DistortionCorrectionAndEPIToT1wReg_FLIRTBBRAndFreeSurferBBRbased/tmp.bbregister.800334/template.nii --init-reg /output_dir/sub-0015417/ses-01/files/T1w/0015417/mri/transforms/eye.dat --out-reg /output_dir/sub-0015417/ses-01/files/task-rest01/DistortionCorrectionAndEPIToT1wReg_FLIRTBBRAndFreeSurferBBRbased/tmp.bbregister.800334/bbr.pass1.dat --subsamp-brute 100 --subsamp 100 --tol 1e-4 --tol1d 1e-3 --brute -4 4 4 --surf white.deformed --gm-proj-frac 0.5 --gm-gt-wm 0.5 
sysname  Linux
hostname cn0096
machine  x86_64
user     hough129
movvol /output_dir/sub-0015417/ses-01/files/task-rest01/DistortionCorrectionAndEPIToT1wReg_FLIRTBBRAndFreeSurferBBRbased/tmp.bbregister.800334/template.nii
regfile /output_dir/sub-0015417/ses-01/files/T1w/0015417/mri/transforms/eye.dat
subject 0015417
dof 6
outregfile /output_dir/sub-0015417/ses-01/files/task-rest01/DistortionCorrectionAndEPIToT1wReg_FLIRTBBRAndFreeSurferBBRbased/tmp.bbregister.800334/bbr.pass1.dat
UseMask 0
UseLH 1
UseRH 1
nsubsamp 100
PenaltySign  -1
PenaltySlope 0.500000
PenaltyCenter 0.000000
surfname white.deformed
GMProjFrac 0.500000
WMProjAbs 2.000000
lhcostfile (null)
rhcostfile (null)
interp  trilinear (1)
frame  0
TolPowell 0.000100
nMaxItersPowell 36
n1dmin  3
Profile   0
Gdiag_no  -1
AddNoise  0 (0)
SynthSeed 1616257467
TransRandMax 0.000000
RotRandMax 0.000000
Translations 0.000000 0.000000 0.000000
Rotations   0.000000 0.000000 0.000000
Input reg
 1.000   0.000   0.000   0.000;
 0.000   1.000   0.000   0.000;
 0.000   0.000   1.000   0.000;
 0.000   0.000   0.000   1.000;

Loading mov
Projecting LH Surfs
Loading lh.white.deformed surf
Loading lh.thickness for GM
GM Proj: 1 0.500000 2.000000
WM Proj: 0 0.500000 2.000000
Projecting RH Surfs
Loading rh.white.deformed surf
Loading rh.thickness
Projecting RH Surfs
Computing relative cost
 0  -25.0 -25.0 -25.0   1.009546
 1  -25.0 -25.0  25.0   1.026570
 2  -25.0  25.0 -25.0   1.005830
 3  -25.0  25.0  25.0   0.998831
 4   25.0 -25.0 -25.0   1.028417
 5   25.0 -25.0  25.0   0.999450
 6   25.0  25.0 -25.0   1.005911
 7   25.0  25.0  25.0   0.982364
REL:  8  0.395617    8.056920  1.007115 rel = 0.392822 
Initial costs ----------------
Number of surface hits 2896
WM  Intensity  4446.8334 +/- 1276.3187
Ctx Intensity  4911.6556 +/- 1517.8408
Pct Contrast      8.6476 +/-  23.4585
Cost   0.3956
RelCost   0.3928

------------------------------------
Brute force preopt -4 4 4, n = 729
     0  -4.0000  -4.0000  -4.0000  -4.0000  -4.0000  -4.0000      0.9724   0.9724  0.0
     4  -4.0000  -4.0000  -4.0000  -4.0000   0.0000   0.0000      0.9506   0.9506  0.0
     7  -4.0000  -4.0000  -4.0000  -4.0000   4.0000   0.0000      0.9357   0.9357  0.0
     8  -4.0000  -4.0000  -4.0000  -4.0000   4.0000   4.0000      0.9132   0.9132  0.0
    11  -4.0000  -4.0000  -4.0000   0.0000  -4.0000   4.0000      0.9091   0.9091  0.0
    19  -4.0000  -4.0000  -4.0000   4.0000  -4.0000   0.0000      0.8986   0.8986  0.0
    47  -4.0000  -4.0000   0.0000   4.0000  -4.0000   4.0000      0.8960   0.8960  0.0
   118  -4.0000   0.0000   0.0000   0.0000  -4.0000   0.0000      0.8743   0.8743  0.0
   267   0.0000  -4.0000  -4.0000   4.0000   4.0000  -4.0000      0.8732   0.8732  0.0
   274   0.0000  -4.0000   0.0000  -4.0000   0.0000   0.0000      0.8638   0.8638  0.0
   275   0.0000  -4.0000   0.0000  -4.0000   0.0000   4.0000      0.8618   0.8618  0.0
   355   0.0000   0.0000   0.0000  -4.0000   0.0000   0.0000      0.8101   0.8101  0.0
   363   0.0000   0.0000   0.0000   0.0000   0.0000  -4.0000      0.7665   0.7665  0.0
   364   0.0000   0.0000   0.0000   0.0000   0.0000   0.0000      0.3956   0.3956  0.0
Brute Force --------------------------
Min cost was 0.395617
Number of iterations   729
Search time 1.518000 sec
Parameters at best (transmm, rotdeg)
  0.000   0.000   0.000  0.000  0.000  0.000 
--------------------------------------------

Starting Powell Minimization
Init Powel Params dof = 6
0 0
1 0
2 0
3 0
4 0
5 0
   8  0.005  0.000  0.000  0.000  0.000  0.000   0.3955457078
  11  0.019  0.000  0.000  0.000  0.000  0.000   0.3954725163
  12  0.018  0.000  0.000  0.000  0.000  0.000   0.3954710702
  13  0.017  0.000  0.000  0.000  0.000  0.000   0.3954708845
  23  0.017  0.001  0.000  0.000  0.000  0.000   0.3954667778
  24  0.017  0.009  0.000  0.000  0.000  0.000   0.3954494124
  36  0.017  0.009  0.016  0.000  0.000  0.000   0.3953666623
  37  0.017  0.009  0.017  0.000  0.000  0.000   0.3953665101
  47  0.017  0.009  0.017  0.006  0.000  0.000   0.3953618797
  48  0.017  0.009  0.017  0.005  0.000  0.000   0.3953617317
  49  0.017  0.009  0.017  0.004  0.000  0.000   0.3953611813
  58  0.017  0.009  0.017  0.004  0.062  0.000   0.3953366190
  60  0.017  0.009  0.017  0.004  0.032  0.000   0.3950898560
  61  0.017  0.009  0.017  0.004  0.031  0.000   0.3950880565
  62  0.017  0.009  0.017  0.004  0.027  0.000   0.3950861769
  64  0.017  0.009  0.017  0.004  0.028  0.000   0.3950858976
  65  0.017  0.009  0.017  0.004  0.029  0.000   0.3950858941
  74  0.017  0.009  0.017  0.004  0.029 -0.001   0.3950832332
  75  0.017  0.009  0.017  0.004  0.029 -0.003   0.3950810547
  97  0.017  0.014  0.017  0.004  0.029 -0.003   0.3950573514
  98  0.017  0.019  0.017  0.004  0.029 -0.003   0.3950535299
 109  0.017  0.019  0.026  0.004  0.029 -0.003   0.3950525519
 110  0.017  0.019  0.022  0.004  0.029 -0.003   0.3950488066
 121  0.017  0.019  0.022  0.014  0.029 -0.003   0.3950371221
 122  0.017  0.019  0.022  0.012  0.029 -0.003   0.3950349394
 133  0.017  0.019  0.022  0.012  0.030 -0.003   0.3950347259
 143  0.017  0.019  0.022  0.012  0.030 -0.005   0.3950280369
 144  0.017  0.019  0.022  0.012  0.030 -0.007   0.3950266281
 146  0.017  0.019  0.022  0.012  0.030 -0.006   0.3950265851
 167  0.017  0.023  0.022  0.012  0.030 -0.006   0.3950223916
 212  0.017  0.023  0.022  0.012  0.030 -0.008   0.3950205064
Powell done niters = 2
Computing relative cost
 0  -25.0 -25.0 -25.0   1.007727
 1  -25.0 -25.0  25.0   1.027450
 2  -25.0  25.0 -25.0   1.006396
 3  -25.0  25.0  25.0   0.995571
 4   25.0 -25.0 -25.0   1.027235
 5   25.0 -25.0  25.0   0.999865
 6   25.0  25.0 -25.0   1.007601
 7   25.0  25.0  25.0   0.981628
REL:  8  0.395021    8.053474  1.006684 rel = 0.392398 
Number of iterations     2
Min cost was 0.395021
Number of FunctionCalls   216
TolPowell 0.000100
nMaxItersPowell 36
OptimizationTime 0.439000 sec
Parameters at optimum (transmm)  0.01686  0.02336  0.02168
Parameters at optimum (rotdeg)  0.01184  0.02967 -0.00790 
Final costs ----------------
Number of surface hits 2896
WM  Intensity  4447.8399 +/- 1275.4821
Ctx Intensity  4914.2590 +/- 1517.3328
Pct Contrast      8.6806 +/-  23.4338
Cost   0.3950
RelCost   0.3928
Reg at min cost was 
 1.000   0.000   0.001   0.017;
-0.000   1.000  -0.000   0.023;
-0.001   0.000   1.000   0.022;
 0.000   0.000   0.000   1.000;

Writing optimal reg to /output_dir/sub-0015417/ses-01/files/task-rest01/DistortionCorrectionAndEPIToT1wReg_FLIRTBBRAndFreeSurferBBRbased/tmp.bbregister.800334/bbr.pass1.dat, type = 14 
Original Reg 
 1.000   0.000   0.000   0.000;
 0.000   1.000   0.000   0.000;
 0.000   0.000   1.000   0.000;
 0.000   0.000   0.000   1.000;

Original Reg - Optimal Reg
 0.000  -0.000  -0.001  -0.017;
 0.000   0.000   0.000  -0.023;
 0.001  -0.000   0.000  -0.022;
 0.000   0.000   0.000   0.000;

Computing change in lh position
LH rmsDiffMean 0.052103
Computing change in rh position
Surface RMS Diff (mm) 0.043715 0.067730
mri_segreg done
mri_segreg --mov /output_dir/sub-0015417/ses-01/files/task-rest01/DistortionCorrectionAndEPIToT1wReg_FLIRTBBRAndFreeSurferBBRbased/tmp.bbregister.800334/template.nii --init-reg /output_dir/sub-0015417/ses-01/files/task-rest01/DistortionCorrectionAndEPIToT1wReg_FLIRTBBRAndFreeSurferBBRbased/tmp.bbregister.800334/bbr.pass1.dat --out-reg /output_dir/sub-0015417/ses-01/files/task-rest01/DistortionCorrectionAndEPIToT1wReg_FLIRTBBRAndFreeSurferBBRbased/EPItoT1w.dat --brute -0.1 0.1 0.1 --interp trilinear --wm-proj-abs 2 --tol 1e-8 --tol1d 1e-3 --c0 0 --mincost /output_dir/sub-0015417/ses-01/files/task-rest01/DistortionCorrectionAndEPIToT1wReg_FLIRTBBRAndFreeSurferBBRbased/EPItoT1w.dat.mincost --dof 6 --nmax 36 --param /output_dir/sub-0015417/ses-01/files/task-rest01/DistortionCorrectionAndEPIToT1wReg_FLIRTBBRAndFreeSurferBBRbased/EPItoT1w.dat.param --surf white.deformed --cur-reg /output_dir/sub-0015417/ses-01/files/task-rest01/DistortionCorrectionAndEPIToT1wReg_FLIRTBBRAndFreeSurferBBRbased/tmp.bbregister.800334/reg.curopt.dat --gm-proj-frac 0.5 --nsub 1 --o /output_dir/sub-0015417/ses-01/files/task-rest01/DistortionCorrectionAndEPIToT1wReg_FLIRTBBRAndFreeSurferBBRbased/Scout_gdc_undistorted2T1w.nii.gz --gm-gt-wm 0.5
$Id: mri_segreg.c,v 1.103.2.1 2011/10/07 19:14:42 greve Exp $
setenv SUBJECTS_DIR /output_dir/sub-0015417/ses-01/files/T1w
cd /tmp
mri_segreg --mov /output_dir/sub-0015417/ses-01/files/task-rest01/DistortionCorrectionAndEPIToT1wReg_FLIRTBBRAndFreeSurferBBRbased/tmp.bbregister.800334/template.nii --init-reg /output_dir/sub-0015417/ses-01/files/task-rest01/DistortionCorrectionAndEPIToT1wReg_FLIRTBBRAndFreeSurferBBRbased/tmp.bbregister.800334/bbr.pass1.dat --out-reg /output_dir/sub-0015417/ses-01/files/task-rest01/DistortionCorrectionAndEPIToT1wReg_FLIRTBBRAndFreeSurferBBRbased/EPItoT1w.dat --brute -0.1 0.1 0.1 --interp trilinear --wm-proj-abs 2 --tol 1e-8 --tol1d 1e-3 --c0 0 --mincost /output_dir/sub-0015417/ses-01/files/task-rest01/DistortionCorrectionAndEPIToT1wReg_FLIRTBBRAndFreeSurferBBRbased/EPItoT1w.dat.mincost --dof 6 --nmax 36 --param /output_dir/sub-0015417/ses-01/files/task-rest01/DistortionCorrectionAndEPIToT1wReg_FLIRTBBRAndFreeSurferBBRbased/EPItoT1w.dat.param --surf white.deformed --cur-reg /output_dir/sub-0015417/ses-01/files/task-rest01/DistortionCorrectionAndEPIToT1wReg_FLIRTBBRAndFreeSurferBBRbased/tmp.bbregister.800334/reg.curopt.dat --gm-proj-frac 0.5 --nsub 1 --o /output_dir/sub-0015417/ses-01/files/task-rest01/DistortionCorrectionAndEPIToT1wReg_FLIRTBBRAndFreeSurferBBRbased/Scout_gdc_undistorted2T1w.nii.gz --gm-gt-wm 0.5 
sysname  Linux
hostname cn0096
machine  x86_64
user     hough129
movvol /output_dir/sub-0015417/ses-01/files/task-rest01/DistortionCorrectionAndEPIToT1wReg_FLIRTBBRAndFreeSurferBBRbased/tmp.bbregister.800334/template.nii
regfile /output_dir/sub-0015417/ses-01/files/task-rest01/DistortionCorrectionAndEPIToT1wReg_FLIRTBBRAndFreeSurferBBRbased/tmp.bbregister.800334/bbr.pass1.dat
subject 0015417
dof 6
outregfile /output_dir/sub-0015417/ses-01/files/task-rest01/DistortionCorrectionAndEPIToT1wReg_FLIRTBBRAndFreeSurferBBRbased/EPItoT1w.dat
outfile /output_dir/sub-0015417/ses-01/files/task-rest01/DistortionCorrectionAndEPIToT1wReg_FLIRTBBRAndFreeSurferBBRbased/Scout_gdc_undistorted2T1w.nii.gz
UseMask 0
UseLH 1
UseRH 1
nsubsamp 1
PenaltySign  -1
PenaltySlope 0.500000
PenaltyCenter 0.000000
surfname white.deformed
GMProjFrac 0.500000
WMProjAbs 2.000000
lhcostfile (null)
rhcostfile (null)
interp  trilinear (1)
frame  0
TolPowell 0.000000
nMaxItersPowell 36
n1dmin  3
Profile   0
Gdiag_no  -1
AddNoise  0 (0)
SynthSeed 1615534741
TransRandMax 0.000000
RotRandMax 0.000000
Translations 0.000000 0.000000 0.000000
Rotations   0.000000 0.000000 0.000000
Input reg
 1.000   0.000   0.001   0.017;
-0.000   1.000  -0.000   0.023;
-0.001   0.000   1.000   0.022;
 0.000   0.000   0.000   1.000;

Loading mov
Projecting LH Surfs
Loading lh.white.deformed surf
Loading lh.thickness for GM
GM Proj: 1 0.500000 2.000000
WM Proj: 0 0.500000 2.000000
Projecting RH Surfs
Loading rh.white.deformed surf
Loading rh.thickness
Projecting RH Surfs
Computing relative cost
 0  -25.0 -25.0 -25.0   0.995509
 1  -25.0 -25.0  25.0   1.010625
 2  -25.0  25.0 -25.0   1.002930
 3  -25.0  25.0  25.0   0.979642
 4   25.0 -25.0 -25.0   1.004729
 5   25.0 -25.0  25.0   0.996604
 6   25.0  25.0 -25.0   0.978846
 7   25.0  25.0  25.0   0.983289
REL:  8  0.398488    7.952174  0.994022 rel = 0.400885 
Initial costs ----------------
Number of surface hits 290119
WM  Intensity  4460.4759 +/- 1297.2805
Ctx Intensity  4942.2985 +/- 1514.7429
Pct Contrast      9.1197 +/-  22.9756
Cost   0.3985
RelCost   0.4009

------------------------------------
Brute force preopt -0.1 0.1 0.1, n = 729
     0  -0.1000  -0.1000  -0.1000  -0.1000  -0.1000  -0.1000      0.4025   0.4025  0.0
     1  -0.1000  -0.1000  -0.1000  -0.1000  -0.1000   0.0000      0.4015   0.4015  0.0
     2  -0.1000  -0.1000  -0.1000  -0.1000  -0.1000   0.1000      0.4013   0.4013  0.0
     3  -0.1000  -0.1000  -0.1000  -0.1000   0.0000  -0.1000      0.4006   0.4006  0.0
     5  -0.1000  -0.1000  -0.1000  -0.1000   0.0000   0.1000      0.4005   0.4005  0.0
     6  -0.1000  -0.1000  -0.1000  -0.1000   0.1000  -0.1000      0.4004   0.4004  0.0
     9  -0.1000  -0.1000  -0.1000   0.0000  -0.1000  -0.1000      0.3999   0.3999  0.0
    10  -0.1000  -0.1000  -0.1000   0.0000  -0.1000   0.0000      0.3994   0.3994  0.0
    12  -0.1000  -0.1000  -0.1000   0.0000   0.0000  -0.1000      0.3977   0.3977  0.0
    38  -0.1000  -0.1000   0.0000   0.0000  -0.1000   0.1000      0.3976   0.3976  0.0
    41  -0.1000  -0.1000   0.0000   0.0000   0.0000   0.1000      0.3973   0.3973  0.0
   102  -0.1000   0.0000  -0.1000   0.1000   0.0000  -0.1000      0.3969   0.3969  0.0
   105  -0.1000   0.0000  -0.1000   0.1000   0.1000  -0.1000      0.3966   0.3966  0.0
   122  -0.1000   0.0000   0.0000   0.0000   0.0000   0.1000      0.3958   0.3958  0.0
   364   0.0000   0.0000   0.0000   0.0000   0.0000   0.0000      0.3950   0.3950  0.0
Brute Force --------------------------
Min cost was 0.395021
Number of iterations   729
Search time 1.346000 sec
Parameters at best (transmm, rotdeg)
  0.000   0.000   0.000  0.000  0.000  0.000 
--------------------------------------------

Starting Powell Minimization
Init Powel Params dof = 6
0 0
1 0
2 0
3 0
4 0
5 0
   8  0.013  0.000  0.000  0.000  0.000  0.000   0.3984723290
  19  0.012  0.119  0.000  0.000  0.000  0.000   0.3973038374
  20  0.012  0.118  0.000  0.000  0.000  0.000   0.3973036380
  21  0.012  0.117  0.000  0.000  0.000  0.000   0.3973035812
  30  0.012  0.117  0.084  0.000  0.000  0.000   0.3968047994
  31  0.012  0.117  0.079  0.000  0.000  0.000   0.3968044388
  32  0.012  0.117  0.081  0.000  0.000  0.000   0.3968042412
  41  0.012  0.117  0.081  0.060  0.000  0.000   0.3967163356
  42  0.012  0.117  0.081  0.044  0.000  0.000   0.3967011565
  43  0.012  0.117  0.081  0.043  0.000  0.000   0.3967010968
  51  0.012  0.117  0.081  0.043 -0.020  0.000   0.3966725177
  62  0.012  0.117  0.081  0.043 -0.020  0.002   0.3966721388
  72  0.005  0.117  0.081  0.043 -0.020  0.002   0.3966703341
  73  0.006  0.117  0.081  0.043 -0.020  0.002   0.3966701340
  74  0.007  0.117  0.081  0.043 -0.020  0.002   0.3966700852
  82  0.007  0.131  0.081  0.043 -0.020  0.002   0.3966430236
  83  0.007  0.136  0.081  0.043 -0.020  0.002   0.3966424536
  84  0.007  0.134  0.081  0.043 -0.020  0.002   0.3966421476
  94  0.007  0.134  0.075  0.043 -0.020  0.002   0.3966382323
  95  0.007  0.134  0.073  0.043 -0.020  0.002   0.3966381288
 104  0.007  0.134  0.073  0.052 -0.020  0.002   0.3966357024
 105  0.007  0.134  0.073  0.051 -0.020  0.002   0.3966355149
 114  0.007  0.134  0.073  0.051 -0.023  0.002   0.3966348199
 130  0.007  0.134  0.073  0.051 -0.023  0.005   0.3966348018
 132  0.007  0.134  0.073  0.051 -0.023  0.004   0.3966346191
 144  0.008  0.134  0.073  0.051 -0.023  0.004   0.3966344603
 152  0.008  0.132  0.073  0.051 -0.023  0.004   0.3966342023
 161  0.008  0.132  0.071  0.051 -0.023  0.004   0.3966333636
 172  0.008  0.132  0.071  0.052 -0.023  0.004   0.3966333504
 181  0.008  0.132  0.071  0.052 -0.024  0.004   0.3966331958
 199  0.009  0.131  0.070  0.052 -0.024  0.004   0.3966330755
 200  0.009  0.131  0.070  0.052 -0.024  0.004   0.3966330434
 233  0.009  0.131  0.070  0.052 -0.024  0.005   0.3966330195
 242  0.009  0.131  0.070  0.055 -0.024  0.005   0.3966329359
 263  0.009  0.131  0.070  0.055 -0.024  0.005   0.3966329273
 266  0.009  0.131  0.070  0.055 -0.024  0.005   0.3966329252
 268  0.009  0.131  0.070  0.055 -0.024  0.005   0.3966329237
Powell done niters = 4
Computing relative cost
 0  -25.0 -25.0 -25.0   0.996241
 1  -25.0 -25.0  25.0   1.010136
 2  -25.0  25.0 -25.0   1.003117
 3  -25.0  25.0  25.0   0.979823
 4   25.0 -25.0 -25.0   1.004201
 5   25.0 -25.0  25.0   0.996345
 6   25.0  25.0 -25.0   0.979422
 7   25.0  25.0  25.0   0.983296
REL:  8  0.396633    7.952580  0.994073 rel = 0.398998 
Number of iterations     4
Min cost was 0.396633
Number of FunctionCalls   331
TolPowell 0.000000
nMaxItersPowell 36
OptimizationTime 38.620000 sec
Parameters at optimum (transmm)  0.00859  0.13137  0.07040
Parameters at optimum (rotdeg)  0.05454 -0.02437  0.00499 
Final costs ----------------
Number of surface hits 290119
WM  Intensity  4467.0723 +/- 1295.4048
Ctx Intensity  4953.8749 +/- 1511.3749
Pct Contrast      9.2344 +/-  22.8071
Cost   0.3966
RelCost   0.4009
Reg at min cost was 
 1.000   0.000   0.000   0.025;
-0.000   1.000  -0.001   0.155;
-0.000   0.001   1.000   0.092;
 0.000   0.000   0.000   1.000;

Writing optimal reg to /output_dir/sub-0015417/ses-01/files/task-rest01/DistortionCorrectionAndEPIToT1wReg_FLIRTBBRAndFreeSurferBBRbased/EPItoT1w.dat, type = 14 
Writing output volume to /output_dir/sub-0015417/ses-01/files/task-rest01/DistortionCorrectionAndEPIToT1wReg_FLIRTBBRAndFreeSurferBBRbased/Scout_gdc_undistorted2T1w.nii.gz 
Original Reg 
 1.000   0.000   0.001   0.017;
-0.000   1.000  -0.000   0.023;
-0.001   0.000   1.000   0.022;
 0.000   0.000   0.000   1.000;

Original Reg - Optimal Reg
-0.000   0.000   0.000  -0.009;
-0.000   0.000   0.001  -0.131;
-0.000  -0.001   0.000  -0.070;
 0.000   0.000   0.000   0.000;

Computing change in lh position
LH rmsDiffMean 0.139144
Computing change in rh position
Surface RMS Diff (mm) 0.146614 0.224785
mri_segreg done
Cleaning up
 
Started at Thu Mar 11 03:52:32 CST 2021 
Ended   at Thu Mar 11 03:53:37 CST 2021
BBR-Run-Time-Sec 65
 
bbregister Done
To check results, run:
tkregister2 --mov /output_dir/sub-0015417/ses-01/files/task-rest01/DistortionCorrectionAndEPIToT1wReg_FLIRTBBRAndFreeSurferBBRbased/Scout_gdc_undistorted2T1w_init.nii.gz --reg /output_dir/sub-0015417/ses-01/files/task-rest01/DistortionCorrectionAndEPIToT1wReg_FLIRTBBRAndFreeSurferBBRbased/EPItoT1w.dat --surf
 
Thu Mar 11 03:53:37 CST 2021 - DistortionCorrectionAndEPIToT1wReg_FLIRTBBRAndFreeSurferBBRbased.sh - Create FSL-style matrix and then combine with existing warp fields
tkregister_tcl /opt/freesurfer/tktools/tkregister2.tcl
target  volume /output_dir/sub-0015417/ses-01/files/T1w/T1w_acpc_dc.nii.gz
movable volume /output_dir/sub-0015417/ses-01/files/task-rest01/DistortionCorrectionAndEPIToT1wReg_FLIRTBBRAndFreeSurferBBRbased/Scout_gdc_undistorted2T1w_init.nii.gz
reg file       /output_dir/sub-0015417/ses-01/files/task-rest01/DistortionCorrectionAndEPIToT1wReg_FLIRTBBRAndFreeSurferBBRbased/EPItoT1w.dat
LoadVol        0
ZeroCRAS       0
$Id: tkregister2.c,v 1.121.2.1 2011/03/28 20:25:16 greve Exp $
Diagnostic Level -1
---- Input registration matrix --------
 1.000   0.000   0.000   0.025;
-0.000   1.000  -0.001   0.155;
-0.000   0.001   1.000   0.092;
 0.000   0.000   0.000   1.000;
float2int = 0
---------------------------------------
INFO: loading target /output_dir/sub-0015417/ses-01/files/T1w/T1w_acpc_dc.nii.gz
INFO: target does not conform to COR format, so I'm going to
reslice to COR. This will not affect the final registration.
Ttarg: --------------------
-1.000   0.000   0.000   128.000;
 0.000   0.000   1.000  -128.000;
 0.000  -1.000   0.000   128.000;
 0.000   0.000   0.000   1.000;
INFO: loading movable /output_dir/sub-0015417/ses-01/files/task-rest01/DistortionCorrectionAndEPIToT1wReg_FLIRTBBRAndFreeSurferBBRbased/Scout_gdc_undistorted2T1w_init.nii.gz
Tmov: --------------------
-1.000   0.000   0.000   91.000;
 0.000   0.000   1.000  -91.000;
 0.000  -1.000   0.000   109.000;
 0.000   0.000   0.000   1.000;
mkheaderreg = 0, float2int = 0
---- Input registration matrix --------
 1.000  -0.000   0.000   0.025;
-0.000   0.001   1.000   0.155;
-0.000  -1.000   0.001   0.092;
 0.000   0.000   0.000   1.000;
Determinant 1
subject = 0015417
RegMat ---------------------------
 1.000   0.000   0.000   0.025;
-0.000   1.000  -0.001   0.155;
-0.000   0.001   1.000   0.092;
 0.000   0.000   0.000   1.000;
FSLOUTPUTTYPE NIFTI_GZ 
tkreg2FSL: mov det = -1, ref det = -1
Thu Mar 11 03:54:21 CST 2021 - DistortionCorrectionAndEPIToT1wReg_FLIRTBBRAndFreeSurferBBRbased.sh - Create warped image with spline interpolation, bias correction and (optional) Jacobian modulation
Thu Mar 11 03:54:35 CST 2021 - DistortionCorrectionAndEPIToT1wReg_FLIRTBBRAndFreeSurferBBRbased.sh - applying Jacobian modulation
Thu Mar 11 03:54:37 CST 2021 - DistortionCorrectionAndEPIToT1wReg_FLIRTBBRAndFreeSurferBBRbased.sh - cp /output_dir/sub-0015417/ses-01/files/task-rest01/DistortionCorrectionAndEPIToT1wReg_FLIRTBBRAndFreeSurferBBRbased/Scout_gdc_undistorted2T1w.nii.gz /output_dir/sub-0015417/ses-01/files/task-rest01/Scout2T1w.nii.gz
Thu Mar 11 03:54:37 CST 2021 - DistortionCorrectionAndEPIToT1wReg_FLIRTBBRAndFreeSurferBBRbased.sh - cp /output_dir/sub-0015417/ses-01/files/task-rest01/DistortionCorrectionAndEPIToT1wReg_FLIRTBBRAndFreeSurferBBRbased/fMRI2str.nii.gz /output_dir/sub-0015417/ses-01/files/T1w/xfms/task-rest012str.nii.gz
Thu Mar 11 03:54:37 CST 2021 - DistortionCorrectionAndEPIToT1wReg_FLIRTBBRAndFreeSurferBBRbased.sh - cp /output_dir/sub-0015417/ses-01/files/task-rest01/DistortionCorrectionAndEPIToT1wReg_FLIRTBBRAndFreeSurferBBRbased/Jacobian2T1w.nii.gz /output_dir/sub-0015417/ses-01/files/task-rest01/Jacobian.nii.gz
Thu Mar 11 03:54:37 CST 2021 - DistortionCorrectionAndEPIToT1wReg_FLIRTBBRAndFreeSurferBBRbased.sh - generating QA image (sqrt of EPI * T1w)
Thu Mar 11 03:54:40 CST 2021 - DistortionCorrectionAndEPIToT1wReg_FLIRTBBRAndFreeSurferBBRbased.sh - END
Thu Mar 11 03:54:40 CST 2021 - GenericfMRIVolumeProcessingPipeline.sh - One Step Resampling
Thu Mar 11 03:54:40 CST 2021 - GenericfMRIVolumeProcessingPipeline.sh - mkdir -p /output_dir/sub-0015417/ses-01/files/task-rest01/OneStepResampling
 
 START: OneStepResampling
