Reading 2 control points...
only using 2 control points from file, mean 513.5, scaling by 0.21...
only generating white matter surface
reading original vertex positions from white.hires
using filled.hires as filled name
using wm.hires as filled name
appending .deformed to output names...
write iterations = 0
reading volume /output_dir/sub-0015417/ses-01/files/T1w/0015417/mri/filled.hires.mgz...
reading volume /output_dir/sub-0015417/ses-01/files/T1w/0015417/mri/T1w_hires.masked.norm.mgz...
reading volume /output_dir/sub-0015417/ses-01/files/T1w/0015417/mri/wm.hires.mgz...
162963 bright wm thresholded.
0 bright non-wm voxels segmented.
reading original surface position from /output_dir/sub-0015417/ses-01/files/T1w/0015417/surf/lh.white.hires...
computing class statistics...
border white:    268914 voxels (3.72%)
border gray      321384 voxels (4.45%)
WM (99.0): 100.3 +- 7.4 [70.0 --> 110.0]
GM (87.0) : 85.0 +- 11.4 [30.0 --> 110.0]
setting MIN_GRAY_AT_WHITE_BORDER to 62.6 (was 70)
setting MAX_BORDER_WHITE to 116.4 (was 105)
setting MIN_BORDER_WHITE to 74.0 (was 85)
setting MAX_CSF to 51.1 (was 40)
setting MAX_GRAY to 101.6 (was 95)
setting MAX_GRAY_AT_CSF_BORDER to 68.3 (was 75)
setting MIN_GRAY_AT_CSF_BORDER to 39.7 (was 40)
repositioning cortical surface to gray/white boundary
reading volume /output_dir/sub-0015417/ses-01/files/T1w/0015417/mri/aseg.hires.mgz...
smoothing T1 volume with sigma = 2.000
vertex spacing 0.88 +- 0.26 (0.04-->5.07) (max @ vno 59396 --> 153409)
face area 0.32 +- 0.16 (0.00-->5.82)
mean absolute distance = 1.30 +- 1.54
4510 vertices more than 2 sigmas from mean.
averaging target values for 5 iterations...
smoothing T1 volume with sigma = 1.000
vertex spacing 0.88 +- 0.26 (0.10-->5.52) (max @ vno 74146 --> 75487)
face area 0.32 +- 0.17 (0.00-->5.80)
mean absolute distance = 0.62 +- 0.96
5123 vertices more than 2 sigmas from mean.
averaging target values for 5 iterations...
smoothing T1 volume with sigma = 0.500
vertex spacing 0.87 +- 0.25 (0.05-->6.00) (max @ vno 74146 --> 75487)
face area 0.33 +- 0.17 (0.00-->5.98)
mean absolute distance = 0.34 +- 0.65
5655 vertices more than 2 sigmas from mean.
averaging target values for 5 iterations...
smoothing T1 volume with sigma = 0.250
vertex spacing 0.87 +- 0.25 (0.04-->6.16) (max @ vno 74146 --> 75487)
face area 0.32 +- 0.16 (0.00-->5.84)
mean absolute distance = 0.25 +- 0.51
3843 vertices more than 2 sigmas from mean.
averaging target values for 5 iterations...
writing white matter surface to /output_dir/sub-0015417/ses-01/files/T1w/0015417/surf/lh.white.deformed...
writing smoothed curvature to lh.curv.deformed
writing smoothed area to lh.area.deformed
vertex spacing 0.87 +- 0.26 (0.04-->6.08) (max @ vno 74146 --> 75487)
face area 0.32 +- 0.16 (0.00-->5.83)
refinement took 3.6 minutes
only generating white matter surface
reading original vertex positions from white.hires
using filled.hires as filled name
using wm.hires as filled name
appending .deformed to output names...
write iterations = 0
reading volume /output_dir/sub-0015417/ses-01/files/T1w/0015417/mri/filled.hires.mgz...
reading volume /output_dir/sub-0015417/ses-01/files/T1w/0015417/mri/T1w_hires.masked.norm.mgz...
reading volume /output_dir/sub-0015417/ses-01/files/T1w/0015417/mri/wm.hires.mgz...
156538 bright wm thresholded.
0 bright non-wm voxels segmented.
reading original surface position from /output_dir/sub-0015417/ses-01/files/T1w/0015417/surf/rh.white.hires...
computing class statistics...
border white:    268914 voxels (3.72%)
border gray      321384 voxels (4.45%)
WM (99.0): 100.2 +- 7.6 [70.0 --> 110.0]
GM (87.0) : 85.1 +- 11.3 [30.0 --> 110.0]
setting MIN_GRAY_AT_WHITE_BORDER to 63.7 (was 70)
setting MAX_BORDER_WHITE to 116.6 (was 105)
setting MIN_BORDER_WHITE to 75.0 (was 85)
setting MAX_CSF to 52.5 (was 40)
setting MAX_GRAY to 101.4 (was 95)
setting MAX_GRAY_AT_CSF_BORDER to 69.4 (was 75)
setting MIN_GRAY_AT_CSF_BORDER to 41.2 (was 40)
repositioning cortical surface to gray/white boundary
reading volume /output_dir/sub-0015417/ses-01/files/T1w/0015417/mri/aseg.hires.mgz...
smoothing T1 volume with sigma = 2.000
vertex spacing 0.88 +- 0.26 (0.04-->9.37) (max @ vno 60508 --> 63108)
face area 0.33 +- 0.16 (0.00-->6.73)
mean absolute distance = 1.30 +- 1.54
4324 vertices more than 2 sigmas from mean.
averaging target values for 5 iterations...
smoothing T1 volume with sigma = 1.000
vertex spacing 0.89 +- 0.26 (0.08-->9.54) (max @ vno 60508 --> 63108)
face area 0.33 +- 0.16 (0.00-->6.69)
mean absolute distance = 0.62 +- 0.95
4883 vertices more than 2 sigmas from mean.
averaging target values for 5 iterations...
smoothing T1 volume with sigma = 0.500
vertex spacing 0.87 +- 0.25 (0.02-->9.54) (max @ vno 60508 --> 63108)
face area 0.33 +- 0.17 (0.00-->6.96)
mean absolute distance = 0.34 +- 0.64
5617 vertices more than 2 sigmas from mean.
averaging target values for 5 iterations...
smoothing T1 volume with sigma = 0.250
vertex spacing 0.87 +- 0.25 (0.08-->9.54) (max @ vno 60508 --> 63108)
face area 0.32 +- 0.16 (0.00-->6.78)
mean absolute distance = 0.24 +- 0.50
3966 vertices more than 2 sigmas from mean.
averaging target values for 5 iterations...
writing white matter surface to /output_dir/sub-0015417/ses-01/files/T1w/0015417/surf/rh.white.deformed...
writing smoothed curvature to rh.curv.deformed
writing smoothed area to rh.area.deformed
vertex spacing 0.87 +- 0.26 (0.03-->9.54) (max @ vno 60508 --> 63108)
face area 0.32 +- 0.16 (0.00-->6.75)
refinement took 3.5 minutes
-white NOWRITE indicates that white, curv, area, and cortex.label files will not be written...
reading original vertex positions from white.deformed
using filled.hires as filled name
using wm.hires as filled name
reading volume /output_dir/sub-0015417/ses-01/files/T1w/0015417/mri/filled.hires.mgz...
reading volume /output_dir/sub-0015417/ses-01/files/T1w/0015417/mri/T1w_hires.norm.mgz...
reading volume /output_dir/sub-0015417/ses-01/files/T1w/0015417/mri/wm.hires.mgz...
60451 bright wm thresholded.
0 bright non-wm voxels segmented.
reading original surface position from /output_dir/sub-0015417/ses-01/files/T1w/0015417/surf/lh.white.deformed...
computing class statistics...
border white:    268914 voxels (3.72%)
border gray      321384 voxels (4.45%)
WM (93.0): 94.1 +- 8.8 [70.0 --> 110.0]
GM (80.0) : 78.8 +- 10.9 [30.0 --> 110.0]
setting MIN_GRAY_AT_WHITE_BORDER to 59.1 (was 70)
setting MAX_BORDER_WHITE to 111.8 (was 105)
setting MIN_BORDER_WHITE to 70.0 (was 85)
setting MAX_CSF to 8.0 (was 40)
setting MAX_GRAY to 94.2 (was 95)
setting MAX_GRAY_AT_CSF_BORDER to 64.5 (was 75)
setting MIN_GRAY_AT_CSF_BORDER to 8.0 (was 40)
reading colortable from annotation file...
colortable with 36 entries read (originally /autofs/space/terrier_001/users/nicks/freesurfer/average/colortable_desikan_killiany.txt)
repositioning cortical surface to gray/white boundary
reading volume /output_dir/sub-0015417/ses-01/files/T1w/0015417/mri/aseg.hires.mgz...
smoothing T1 volume with sigma = 2.000
vertex spacing 0.82 +- 0.23 (0.01-->3.62) (max @ vno 153459 --> 153471)
face area 0.28 +- 0.14 (0.00-->3.58)
mean absolute distance = 0.66 +- 0.80
4831 vertices more than 2 sigmas from mean.
averaging target values for 5 iterations...
smoothing T1 volume with sigma = 1.000
vertex spacing 0.90 +- 0.25 (0.06-->4.81) (max @ vno 66275 --> 153450)
face area 0.28 +- 0.14 (0.00-->4.59)
mean absolute distance = 0.35 +- 0.55
3575 vertices more than 2 sigmas from mean.
averaging target values for 5 iterations...
smoothing T1 volume with sigma = 0.500
vertex spacing 0.88 +- 0.25 (0.03-->5.11) (max @ vno 66275 --> 153450)
face area 0.34 +- 0.17 (0.00-->5.87)
mean absolute distance = 0.23 +- 0.36
3829 vertices more than 2 sigmas from mean.
averaging target values for 5 iterations...
smoothing T1 volume with sigma = 0.250
vertex spacing 0.88 +- 0.25 (0.04-->5.25) (max @ vno 66275 --> 153450)
face area 0.33 +- 0.16 (0.00-->5.75)
mean absolute distance = 0.16 +- 0.28
3014 vertices more than 2 sigmas from mean.
averaging target values for 5 iterations...
repositioning cortical surface to gray/csf boundary.
smoothing T1 volume with sigma = 2.000
averaging target values for 5 iterations...
smoothing T1 volume with sigma = 1.000
averaging target values for 5 iterations...
smoothing T1 volume with sigma = 0.500
averaging target values for 5 iterations...
smoothing T1 volume with sigma = 0.250
averaging target values for 5 iterations...
writing pial surface to /output_dir/sub-0015417/ses-01/files/T1w/0015417/surf/lh.pial...
writing smoothed curvature to lh.curv.pial
writing smoothed area to lh.area.pial
vertex spacing 0.98 +- 0.43 (0.05-->8.80) (max @ vno 97393 --> 96190)
face area 0.38 +- 0.31 (0.00-->7.89)
measuring cortical thickness...
writing cortical thickness estimate to 'thickness' file.
positioning took 9.8 minutes
-white NOWRITE indicates that white, curv, area, and cortex.label files will not be written...
reading original vertex positions from white.deformed
using filled.hires as filled name
using wm.hires as filled name
reading volume /output_dir/sub-0015417/ses-01/files/T1w/0015417/mri/filled.hires.mgz...
reading volume /output_dir/sub-0015417/ses-01/files/T1w/0015417/mri/T1w_hires.norm.mgz...
reading volume /output_dir/sub-0015417/ses-01/files/T1w/0015417/mri/wm.hires.mgz...
60878 bright wm thresholded.
0 bright non-wm voxels segmented.
reading original surface position from /output_dir/sub-0015417/ses-01/files/T1w/0015417/surf/rh.white.deformed...
computing class statistics...
border white:    268914 voxels (3.72%)
border gray      321384 voxels (4.45%)
WM (93.0): 94.1 +- 8.8 [70.0 --> 110.0]
GM (80.0) : 78.8 +- 10.8 [30.0 --> 110.0]
setting MIN_GRAY_AT_WHITE_BORDER to 59.2 (was 70)
setting MAX_BORDER_WHITE to 111.8 (was 105)
setting MIN_BORDER_WHITE to 70.0 (was 85)
setting MAX_CSF to 8.0 (was 40)
setting MAX_GRAY to 94.2 (was 95)
setting MAX_GRAY_AT_CSF_BORDER to 64.6 (was 75)
setting MIN_GRAY_AT_CSF_BORDER to 8.0 (was 40)
reading colortable from annotation file...
colortable with 36 entries read (originally /autofs/space/terrier_001/users/nicks/freesurfer/average/colortable_desikan_killiany.txt)
repositioning cortical surface to gray/white boundary
reading volume /output_dir/sub-0015417/ses-01/files/T1w/0015417/mri/aseg.hires.mgz...
smoothing T1 volume with sigma = 2.000
vertex spacing 0.82 +- 0.23 (0.03-->5.60) (max @ vno 56711 --> 150018)
face area 0.28 +- 0.14 (0.00-->4.37)
mean absolute distance = 0.64 +- 0.74
5311 vertices more than 2 sigmas from mean.
averaging target values for 5 iterations...
smoothing T1 volume with sigma = 1.000
vertex spacing 0.91 +- 0.25 (0.11-->7.82) (max @ vno 60508 --> 63108)
face area 0.28 +- 0.13 (0.00-->4.59)
mean absolute distance = 0.31 +- 0.47
3548 vertices more than 2 sigmas from mean.
averaging target values for 5 iterations...
smoothing T1 volume with sigma = 0.500
vertex spacing 0.89 +- 0.25 (0.08-->8.24) (max @ vno 60508 --> 63108)
face area 0.34 +- 0.17 (0.00-->6.13)
mean absolute distance = 0.21 +- 0.30
3523 vertices more than 2 sigmas from mean.
averaging target values for 5 iterations...
smoothing T1 volume with sigma = 0.250
vertex spacing 0.88 +- 0.25 (0.06-->8.44) (max @ vno 60508 --> 63108)
face area 0.33 +- 0.16 (0.00-->6.21)
mean absolute distance = 0.16 +- 0.26
2884 vertices more than 2 sigmas from mean.
averaging target values for 5 iterations...
repositioning cortical surface to gray/csf boundary.
smoothing T1 volume with sigma = 2.000
averaging target values for 5 iterations...
smoothing T1 volume with sigma = 1.000
averaging target values for 5 iterations...
smoothing T1 volume with sigma = 0.500
averaging target values for 5 iterations...
smoothing T1 volume with sigma = 0.250
averaging target values for 5 iterations...
writing pial surface to /output_dir/sub-0015417/ses-01/files/T1w/0015417/surf/rh.pial...
writing smoothed curvature to rh.curv.pial
writing smoothed area to rh.area.pial
vertex spacing 1.00 +- 0.44 (0.08-->8.53) (max @ vno 93917 --> 93918)
face area 0.39 +- 0.31 (0.00-->10.14)
measuring cortical thickness...
writing cortical thickness estimate to 'thickness' file.
positioning took 9.3 minutes
using T2 threshold of 2.00 sigmas above the mean (default=2)
using T2 threshold of 3.00 sigmas below the mean (default=2)
using filled.hires as filled name
using wm.hires as filled name
reading original vertex positions from white.deformed
reading previously compute gray/white surface
refining pial surfaces placement using T2 volume /output_dir/sub-0015417/ses-01/files/T1w/0015417/mri/T2w_hires.norm
appending .postT2.pass1 to output names...
reading volume /output_dir/sub-0015417/ses-01/files/T1w/0015417/mri/filled.hires.mgz...
reading volume /output_dir/sub-0015417/ses-01/files/T1w/0015417/mri/T1w_hires.norm.mgz...
reading volume /output_dir/sub-0015417/ses-01/files/T1w/0015417/mri/wm.hires.mgz...
60451 bright wm thresholded.
0 bright non-wm voxels segmented.
reading original surface position from /output_dir/sub-0015417/ses-01/files/T1w/0015417/surf/lh.white.deformed...
computing class statistics...
border white:    268914 voxels (3.72%)
border gray      321384 voxels (4.45%)
WM (93.0): 94.1 +- 8.8 [70.0 --> 110.0]
GM (80.0) : 78.8 +- 10.9 [30.0 --> 110.0]
setting MIN_GRAY_AT_WHITE_BORDER to 59.1 (was 70)
setting MAX_BORDER_WHITE to 111.8 (was 105)
setting MIN_BORDER_WHITE to 70.0 (was 85)
setting MAX_CSF to 48.1 (was 40)
setting MAX_GRAY to 94.2 (was 95)
setting MAX_GRAY_AT_CSF_BORDER to 64.5 (was 75)
setting MIN_GRAY_AT_CSF_BORDER to 37.2 (was 40)
reading colortable from annotation file...
colortable with 36 entries read (originally /autofs/space/terrier_001/users/nicks/freesurfer/average/colortable_desikan_killiany.txt)
reading volume /output_dir/sub-0015417/ses-01/files/T1w/0015417/mri/aseg.hires.mgz...
repositioning cortical surface to gray/csf boundary.
smoothing T1 volume with sigma = 2.000
averaging target values for 5 iterations...
smoothing T1 volume with sigma = 1.000
averaging target values for 5 iterations...
smoothing T1 volume with sigma = 0.500
averaging target values for 5 iterations...
smoothing T1 volume with sigma = 0.250
averaging target values for 5 iterations...
writing pial surface to /output_dir/sub-0015417/ses-01/files/T1w/0015417/surf/lh.pial.postT2.pass1...
writing smoothed curvature to lh.curv.pial.postT2.pass1
writing smoothed area to lh.area.pial.postT2.pass1
vertex spacing 0.97 +- 0.42 (0.07-->7.55) (max @ vno 98712 --> 97375)
face area 0.37 +- 0.30 (0.00-->6.37)
measuring cortical thickness...
writing cortical thickness estimate to 'thickness' file.
positioning took 12.8 minutes
using T2 threshold of 2.00 sigmas above the mean (default=2)
using T2 threshold of 3.00 sigmas below the mean (default=2)
using filled.hires as filled name
using wm.hires as filled name
reading original vertex positions from white.deformed
reading previously compute gray/white surface
refining pial surfaces placement using T2 volume /output_dir/sub-0015417/ses-01/files/T1w/0015417/mri/T2w_hires.norm
appending .postT2.pass1 to output names...
reading volume /output_dir/sub-0015417/ses-01/files/T1w/0015417/mri/filled.hires.mgz...
reading volume /output_dir/sub-0015417/ses-01/files/T1w/0015417/mri/T1w_hires.norm.mgz...
reading volume /output_dir/sub-0015417/ses-01/files/T1w/0015417/mri/wm.hires.mgz...
60878 bright wm thresholded.
0 bright non-wm voxels segmented.
reading original surface position from /output_dir/sub-0015417/ses-01/files/T1w/0015417/surf/rh.white.deformed...
computing class statistics...
border white:    268914 voxels (3.72%)
border gray      321384 voxels (4.45%)
WM (93.0): 94.1 +- 8.8 [70.0 --> 110.0]
GM (80.0) : 78.8 +- 10.8 [30.0 --> 110.0]
setting MIN_GRAY_AT_WHITE_BORDER to 59.2 (was 70)
setting MAX_BORDER_WHITE to 111.8 (was 105)
setting MIN_BORDER_WHITE to 70.0 (was 85)
setting MAX_CSF to 48.4 (was 40)
setting MAX_GRAY to 94.2 (was 95)
setting MAX_GRAY_AT_CSF_BORDER to 64.6 (was 75)
setting MIN_GRAY_AT_CSF_BORDER to 37.6 (was 40)
reading colortable from annotation file...
colortable with 36 entries read (originally /autofs/space/terrier_001/users/nicks/freesurfer/average/colortable_desikan_killiany.txt)
reading volume /output_dir/sub-0015417/ses-01/files/T1w/0015417/mri/aseg.hires.mgz...
repositioning cortical surface to gray/csf boundary.
smoothing T1 volume with sigma = 2.000
averaging target values for 5 iterations...
smoothing T1 volume with sigma = 1.000
averaging target values for 5 iterations...
smoothing T1 volume with sigma = 0.500
averaging target values for 5 iterations...
smoothing T1 volume with sigma = 0.250
averaging target values for 5 iterations...
writing pial surface to /output_dir/sub-0015417/ses-01/files/T1w/0015417/surf/rh.pial.postT2.pass1...
writing smoothed curvature to rh.curv.pial.postT2.pass1
writing smoothed area to rh.area.pial.postT2.pass1
vertex spacing 0.98 +- 0.43 (0.06-->8.51) (max @ vno 95042 --> 93918)
face area 0.37 +- 0.31 (0.00-->9.94)
measuring cortical thickness...
writing cortical thickness estimate to 'thickness' file.
positioning took 12.5 minutes
-white NOWRITE indicates that white, curv, area, and cortex.label files will not be written...
reading original vertex positions from white.deformed
using filled.hires as filled name
using wm.hires as filled name
reading volume /output_dir/sub-0015417/ses-01/files/T1w/0015417/mri/filled.hires.mgz...
reading volume /output_dir/sub-0015417/ses-01/files/T1w/0015417/mri/T1w_hires.greynorm.mgz...
reading volume /output_dir/sub-0015417/ses-01/files/T1w/0015417/mri/wm.hires.mgz...
59230 bright wm thresholded.
0 bright non-wm voxels segmented.
reading original surface position from /output_dir/sub-0015417/ses-01/files/T1w/0015417/surf/lh.white.deformed...
computing class statistics...
border white:    268914 voxels (3.72%)
border gray      321384 voxels (4.45%)
WM (93.0): 94.0 +- 8.8 [70.0 --> 110.0]
GM (80.0) : 78.6 +- 10.8 [30.0 --> 110.0]
setting MIN_GRAY_AT_WHITE_BORDER to 59.2 (was 70)
setting MAX_BORDER_WHITE to 111.8 (was 105)
setting MIN_BORDER_WHITE to 70.0 (was 85)
setting MAX_CSF to 37.5 (was 40)
setting MAX_GRAY to 94.2 (was 95)
setting MAX_GRAY_AT_CSF_BORDER to 64.6 (was 75)
setting MIN_GRAY_AT_CSF_BORDER to 26.7 (was 40)
reading colortable from annotation file...
colortable with 36 entries read (originally /autofs/space/terrier_001/users/nicks/freesurfer/average/colortable_desikan_killiany.txt)
repositioning cortical surface to gray/white boundary
reading volume /output_dir/sub-0015417/ses-01/files/T1w/0015417/mri/aseg.hires.mgz...
smoothing T1 volume with sigma = 2.000
vertex spacing 0.82 +- 0.23 (0.01-->3.62) (max @ vno 153459 --> 153471)
face area 0.28 +- 0.14 (0.00-->3.58)
mean absolute distance = 0.66 +- 0.79
5823 vertices more than 2 sigmas from mean.
averaging target values for 5 iterations...
smoothing T1 volume with sigma = 1.000
vertex spacing 0.90 +- 0.25 (0.06-->4.75) (max @ vno 66275 --> 153450)
face area 0.28 +- 0.14 (0.00-->4.78)
mean absolute distance = 0.34 +- 0.52
3560 vertices more than 2 sigmas from mean.
averaging target values for 5 iterations...
smoothing T1 volume with sigma = 0.500
vertex spacing 0.88 +- 0.25 (0.06-->5.07) (max @ vno 66275 --> 153450)
face area 0.34 +- 0.17 (0.00-->6.09)
mean absolute distance = 0.21 +- 0.32
3241 vertices more than 2 sigmas from mean.
averaging target values for 5 iterations...
smoothing T1 volume with sigma = 0.250
vertex spacing 0.88 +- 0.25 (0.07-->5.19) (max @ vno 66275 --> 153450)
face area 0.33 +- 0.17 (0.00-->5.94)
mean absolute distance = 0.15 +- 0.26
2434 vertices more than 2 sigmas from mean.
averaging target values for 5 iterations...
repositioning cortical surface to gray/csf boundary.
smoothing T1 volume with sigma = 2.000
averaging target values for 5 iterations...
smoothing T1 volume with sigma = 1.000
averaging target values for 5 iterations...
smoothing T1 volume with sigma = 0.500
averaging target values for 5 iterations...
smoothing T1 volume with sigma = 0.250
averaging target values for 5 iterations...
writing pial surface to /output_dir/sub-0015417/ses-01/files/T1w/0015417/surf/lh.pial...
writing smoothed curvature to lh.curv.pial
writing smoothed area to lh.area.pial
vertex spacing 0.98 +- 0.42 (0.02-->8.76) (max @ vno 97393 --> 96190)
face area 0.38 +- 0.29 (0.00-->6.71)
measuring cortical thickness...
writing cortical thickness estimate to 'thickness' file.
positioning took 9.0 minutes
-white NOWRITE indicates that white, curv, area, and cortex.label files will not be written...
reading original vertex positions from white.deformed
using filled.hires as filled name
using wm.hires as filled name
reading volume /output_dir/sub-0015417/ses-01/files/T1w/0015417/mri/filled.hires.mgz...
reading volume /output_dir/sub-0015417/ses-01/files/T1w/0015417/mri/T1w_hires.greynorm.mgz...
reading volume /output_dir/sub-0015417/ses-01/files/T1w/0015417/mri/wm.hires.mgz...
59766 bright wm thresholded.
0 bright non-wm voxels segmented.
reading original surface position from /output_dir/sub-0015417/ses-01/files/T1w/0015417/surf/rh.white.deformed...
computing class statistics...
border white:    268914 voxels (3.72%)
border gray      321384 voxels (4.45%)
WM (93.0): 93.9 +- 8.9 [70.0 --> 110.0]
GM (79.0) : 78.6 +- 10.6 [30.0 --> 110.0]
setting MIN_GRAY_AT_WHITE_BORDER to 59.4 (was 70)
setting MAX_BORDER_WHITE to 111.9 (was 105)
setting MIN_BORDER_WHITE to 70.0 (was 85)
setting MAX_CSF to 38.2 (was 40)
setting MAX_GRAY to 94.1 (was 95)
setting MAX_GRAY_AT_CSF_BORDER to 64.7 (was 75)
setting MIN_GRAY_AT_CSF_BORDER to 27.6 (was 40)
reading colortable from annotation file...
colortable with 36 entries read (originally /autofs/space/terrier_001/users/nicks/freesurfer/average/colortable_desikan_killiany.txt)
repositioning cortical surface to gray/white boundary
reading volume /output_dir/sub-0015417/ses-01/files/T1w/0015417/mri/aseg.hires.mgz...
smoothing T1 volume with sigma = 2.000
vertex spacing 0.82 +- 0.23 (0.03-->5.60) (max @ vno 56711 --> 150018)
face area 0.28 +- 0.14 (0.00-->4.37)
mean absolute distance = 0.66 +- 0.76
5530 vertices more than 2 sigmas from mean.
averaging target values for 5 iterations...
smoothing T1 volume with sigma = 1.000
vertex spacing 0.91 +- 0.25 (0.08-->8.35) (max @ vno 60508 --> 63108)
face area 0.28 +- 0.14 (0.00-->4.27)
mean absolute distance = 0.32 +- 0.46
3374 vertices more than 2 sigmas from mean.
averaging target values for 5 iterations...
smoothing T1 volume with sigma = 0.500
vertex spacing 0.89 +- 0.25 (0.08-->8.67) (max @ vno 60508 --> 63108)
face area 0.35 +- 0.17 (0.00-->5.87)
mean absolute distance = 0.19 +- 0.26
2177 vertices more than 2 sigmas from mean.
averaging target values for 5 iterations...
smoothing T1 volume with sigma = 0.250
vertex spacing 0.88 +- 0.25 (0.06-->8.81) (max @ vno 60508 --> 63108)
face area 0.33 +- 0.17 (0.00-->5.74)
mean absolute distance = 0.14 +- 0.21
2129 vertices more than 2 sigmas from mean.
averaging target values for 5 iterations...
repositioning cortical surface to gray/csf boundary.
smoothing T1 volume with sigma = 2.000
averaging target values for 5 iterations...
smoothing T1 volume with sigma = 1.000
averaging target values for 5 iterations...
smoothing T1 volume with sigma = 0.500
averaging target values for 5 iterations...
smoothing T1 volume with sigma = 0.250
averaging target values for 5 iterations...
writing pial surface to /output_dir/sub-0015417/ses-01/files/T1w/0015417/surf/rh.pial...
writing smoothed curvature to rh.curv.pial
writing smoothed area to rh.area.pial
vertex spacing 0.99 +- 0.42 (0.06-->7.44) (max @ vno 99946 --> 101195)
face area 0.39 +- 0.30 (0.00-->7.42)
measuring cortical thickness...
writing cortical thickness estimate to 'thickness' file.
positioning took 9.1 minutes
using T2 threshold of 2.00 sigmas above the mean (default=2)
using T2 threshold of 3.00 sigmas below the mean (default=2)
using filled.hires as filled name
using wm.hires as filled name
reading original vertex positions from white.deformed
reading previously compute gray/white surface
refining pial surfaces placement using T2 volume /output_dir/sub-0015417/ses-01/files/T1w/0015417/mri/T2w_hires.norm
appending .postT2.pass2 to output names...
reading volume /output_dir/sub-0015417/ses-01/files/T1w/0015417/mri/filled.hires.mgz...
reading volume /output_dir/sub-0015417/ses-01/files/T1w/0015417/mri/T1w_hires.norm.mgz...
reading volume /output_dir/sub-0015417/ses-01/files/T1w/0015417/mri/wm.hires.mgz...
60451 bright wm thresholded.
0 bright non-wm voxels segmented.
reading original surface position from /output_dir/sub-0015417/ses-01/files/T1w/0015417/surf/lh.white.deformed...
computing class statistics...
border white:    268914 voxels (3.72%)
border gray      321384 voxels (4.45%)
WM (93.0): 94.1 +- 8.8 [70.0 --> 110.0]
GM (80.0) : 78.8 +- 10.9 [30.0 --> 110.0]
setting MIN_GRAY_AT_WHITE_BORDER to 59.1 (was 70)
setting MAX_BORDER_WHITE to 111.8 (was 105)
setting MIN_BORDER_WHITE to 70.0 (was 85)
setting MAX_CSF to 48.1 (was 40)
setting MAX_GRAY to 94.2 (was 95)
setting MAX_GRAY_AT_CSF_BORDER to 64.5 (was 75)
setting MIN_GRAY_AT_CSF_BORDER to 37.2 (was 40)
reading colortable from annotation file...
colortable with 36 entries read (originally /autofs/space/terrier_001/users/nicks/freesurfer/average/colortable_desikan_killiany.txt)
reading volume /output_dir/sub-0015417/ses-01/files/T1w/0015417/mri/aseg.hires.mgz...
repositioning cortical surface to gray/csf boundary.
smoothing T1 volume with sigma = 2.000
averaging target values for 5 iterations...
smoothing T1 volume with sigma = 1.000
averaging target values for 5 iterations...
smoothing T1 volume with sigma = 0.500
averaging target values for 5 iterations...
smoothing T1 volume with sigma = 0.250
averaging target values for 5 iterations...
writing pial surface to /output_dir/sub-0015417/ses-01/files/T1w/0015417/surf/lh.pial.postT2.pass2...
writing smoothed curvature to lh.curv.pial.postT2.pass2
writing smoothed area to lh.area.pial.postT2.pass2
vertex spacing 0.97 +- 0.41 (0.05-->16.98) (max @ vno 120084 --> 120085)
face area 0.37 +- 0.29 (0.00-->19.97)
measuring cortical thickness...
writing cortical thickness estimate to 'thickness' file.
positioning took 12.1 minutes
using T2 threshold of 2.00 sigmas above the mean (default=2)
using T2 threshold of 3.00 sigmas below the mean (default=2)
using filled.hires as filled name
using wm.hires as filled name
reading original vertex positions from white.deformed
reading previously compute gray/white surface
refining pial surfaces placement using T2 volume /output_dir/sub-0015417/ses-01/files/T1w/0015417/mri/T2w_hires.norm
appending .postT2.pass2 to output names...
reading volume /output_dir/sub-0015417/ses-01/files/T1w/0015417/mri/filled.hires.mgz...
reading volume /output_dir/sub-0015417/ses-01/files/T1w/0015417/mri/T1w_hires.norm.mgz...
reading volume /output_dir/sub-0015417/ses-01/files/T1w/0015417/mri/wm.hires.mgz...
60878 bright wm thresholded.
0 bright non-wm voxels segmented.
reading original surface position from /output_dir/sub-0015417/ses-01/files/T1w/0015417/surf/rh.white.deformed...
computing class statistics...
border white:    268914 voxels (3.72%)
border gray      321384 voxels (4.45%)
WM (93.0): 94.1 +- 8.8 [70.0 --> 110.0]
GM (80.0) : 78.8 +- 10.8 [30.0 --> 110.0]
setting MIN_GRAY_AT_WHITE_BORDER to 59.2 (was 70)
setting MAX_BORDER_WHITE to 111.8 (was 105)
setting MIN_BORDER_WHITE to 70.0 (was 85)
setting MAX_CSF to 48.4 (was 40)
setting MAX_GRAY to 94.2 (was 95)
setting MAX_GRAY_AT_CSF_BORDER to 64.6 (was 75)
setting MIN_GRAY_AT_CSF_BORDER to 37.6 (was 40)
reading colortable from annotation file...
colortable with 36 entries read (originally /autofs/space/terrier_001/users/nicks/freesurfer/average/colortable_desikan_killiany.txt)
reading volume /output_dir/sub-0015417/ses-01/files/T1w/0015417/mri/aseg.hires.mgz...
repositioning cortical surface to gray/csf boundary.
smoothing T1 volume with sigma = 2.000
averaging target values for 5 iterations...
smoothing T1 volume with sigma = 1.000
averaging target values for 5 iterations...
smoothing T1 volume with sigma = 0.500
averaging target values for 5 iterations...
smoothing T1 volume with sigma = 0.250
averaging target values for 5 iterations...
writing pial surface to /output_dir/sub-0015417/ses-01/files/T1w/0015417/surf/rh.pial.postT2.pass2...
writing smoothed curvature to rh.curv.pial.postT2.pass2
writing smoothed area to rh.area.pial.postT2.pass2
vertex spacing 0.98 +- 0.42 (0.05-->7.43) (max @ vno 99946 --> 101195)
face area 0.38 +- 0.30 (0.00-->7.43)
measuring cortical thickness...
writing cortical thickness estimate to 'thickness' file.
positioning took 12.0 minutes
