+ subj_id=0001305
+ ses_id=V1
+ data_dir=/tmp/HCP-Dv2_BIDS
+ data_bucket=s3://HCP-Dv2_BIDS
+ cpu_usage=8
++ which singularity
+ singularity=/usr/bin/singularity
+ work_dir=/tmp/work
+ QSIprep_image=/home/umii/hendr522/singularity_images/qsiprep-v0.12.2.sif
+ needed_files_folder=/home/faird/shared/code/internal/utilities/pipeline_wrappers/slurm_QSIprep_with_s3_routines_with_ses
+ '[' '!' -d /tmp/HCP-Dv2_BIDS/sub-0001305/ses-V1 ']'
+ mkdir -p /tmp/HCP-Dv2_BIDS/sub-0001305
+ s3cmd get s3://HCP-Dv2_BIDS/sub-0001305/ses-V1 /tmp/HCP-Dv2_BIDS/sub-0001305 --recursive -v
+ source /opt/msi/bin/s3cmd get s3://HCP-Dv2_BIDS/sub-0001305/ses-V1 /tmp/HCP-Dv2_BIDS/sub-0001305 --recursive -v
++ '[' -f /home/umii/hendr522/.s3cfg ']'
++ '[' '' == /etc/msi/s3cfg-generic ']'
++ /usr/bin/s3cmd get s3://HCP-Dv2_BIDS/sub-0001305/ses-V1 /tmp/HCP-Dv2_BIDS/sub-0001305 --recursive -v
INFO: Retrieving list of remote files for s3://HCP-Dv2_BIDS/sub-0001305/ses-V1 ...
INFO: Summary: 80 remote files to download
INFO: Creating directory: /tmp/HCP-Dv2_BIDS/sub-0001305/ses-V1/anat
INFO: Creating directory: /tmp/HCP-Dv2_BIDS/sub-0001305/ses-V1/dwi
INFO: Creating directory: /tmp/HCP-Dv2_BIDS/sub-0001305/ses-V1/fmap
INFO: Creating directory: /tmp/HCP-Dv2_BIDS/sub-0001305/ses-V1/func
+ '[' '!' -e /tmp/HCP-Dv2_BIDS/dataset_description.json ']'
+ cp /home/faird/shared/code/internal/utilities/pipeline_wrappers/slurm_QSIprep_with_s3_routines_with_ses/dataset_description.json /tmp/HCP-Dv2_BIDS
+ '[' '!' -e /tmp/HCP-Dv2_BIDS/participants.tsv ']'
+ s3cmd get s3://HCP-Dv2_BIDS/participants.tsv /tmp/HCP-Dv2_BIDS -v
+ source /opt/msi/bin/s3cmd get s3://HCP-Dv2_BIDS/participants.tsv /tmp/HCP-Dv2_BIDS -v
++ '[' -f /home/umii/hendr522/.s3cfg ']'
++ '[' '' == /etc/msi/s3cfg-generic ']'
++ /usr/bin/s3cmd get s3://HCP-Dv2_BIDS/participants.tsv /tmp/HCP-Dv2_BIDS -v
INFO: Summary: 1 remote files to download
+ '[' '!' -d /tmp/HCP-Dv2_BIDS/derivatives/QSIprep-v0.12.2 ']'
+ mkdir -p /tmp/HCP-Dv2_BIDS/derivatives/QSIprep-v0.12.2
+ '[' '!' -d /tmp/work ']'
+ mkdir -p /tmp/work
+ singularity run --cleanenv -B /home/faird/shared/code/internal/utilities/pipeline_wrappers/slurm_QSIprep_with_s3_routines_with_ses:/mnt -B /tmp/HCP-Dv2_BIDS:/sngl/data -B /tmp/HCP-Dv2_BIDS/derivatives/QSIprep-v0.12.2:/sngl/out -B /tmp/work:/sngl/scratch /home/umii/hendr522/singularity_images/qsiprep-v0.12.2.sif /sngl/data /sngl/out participant --fs-license-file /mnt/license.txt --participant-label 0001305 --output-resolution 1.7 --unringing-method mrdegibbs --nthreads 8 --omp-nthreads 7 --skip-bids-validation --stop-on-first-crash -v -v -w /sngl/scratch --eddy-config /mnt/eddy_params.json --mem_mb 20000 --low-mem
[WARNING] This document format requires a nonempty <title> element.
  Please specify either 'title' or 'pagetitle' in the metadata.
  Falling back to 'CITATION'
 file none does not exist . 
 file none does not exist . 
 file none does not exist . 
slurmstepd: error: *** JOB 5693694 ON cn0184 CANCELLED AT 2021-08-11T06:47:14 DUE TO TIME LIMIT ***
