+ subj_id=0001305
+ ses_id=V1
+ data_dir=/tmp/HCP-Dv2_BIDS
+ data_bucket=s3://HCP-Dv2_BIDS
+ cpu_usage=8
++ which singularity
+ singularity=/usr/bin/singularity
+ work_dir=/tmp/work
+ QSIprep_image=/home/umii/hendr522/singularity_images/qsiprep-v0.12.2.sif
+ needed_files_folder=/home/faird/shared/code/internal/utilities/pipeline_wrappers/slurm_QSIprep_with_s3_routines_with_ses
+ '[' '!' -d /tmp/HCP-Dv2_BIDS/sub-0001305/ses-V1 ']'
+ mkdir -p /tmp/HCP-Dv2_BIDS/sub-0001305
+ s3cmd get s3://HCP-Dv2_BIDS/sub-0001305/ses-V1 /tmp/HCP-Dv2_BIDS/sub-0001305 --recursive -v
+ source /opt/msi/bin/s3cmd get s3://HCP-Dv2_BIDS/sub-0001305/ses-V1 /tmp/HCP-Dv2_BIDS/sub-0001305 --recursive -v
++ '[' -f /home/miran045/hough129/.s3cfg ']'
++ '[' -z '' ']'
+++ s3info keys --machine-output
++ DATA='SZX5KR46SPLO4XCZI47E afuk93Lf5OusWMBnoWXnT1VgEBQRsnikWuHu1Oz4'
++ [[ 0 -eq 0 ]]
++ read -r ACCESS_KEY SECRET_KEY
++ export AWS_ACCESS_KEY=SZX5KR46SPLO4XCZI47E
++ AWS_ACCESS_KEY=SZX5KR46SPLO4XCZI47E
++ export AWS_SECRET_KEY=afuk93Lf5OusWMBnoWXnT1VgEBQRsnikWuHu1Oz4
++ AWS_SECRET_KEY=afuk93Lf5OusWMBnoWXnT1VgEBQRsnikWuHu1Oz4
++ '[' -z '' ']'
++ export S3CMD_CONFIG=/etc/msi/s3cfg-generic
++ S3CMD_CONFIG=/etc/msi/s3cfg-generic
++ '[' -n SZX5KR46SPLO4XCZI47E ']'
++ /usr/bin/s3cmd get s3://HCP-Dv2_BIDS/sub-0001305/ses-V1 /tmp/HCP-Dv2_BIDS/sub-0001305 --recursive -v
INFO: Retrieving list of remote files for s3://HCP-Dv2_BIDS/sub-0001305/ses-V1 ...
INFO: Summary: 80 remote files to download
INFO: Creating directory: /tmp/HCP-Dv2_BIDS/sub-0001305/ses-V1/anat
INFO: Creating directory: /tmp/HCP-Dv2_BIDS/sub-0001305/ses-V1/dwi
INFO: Creating directory: /tmp/HCP-Dv2_BIDS/sub-0001305/ses-V1/fmap
INFO: Creating directory: /tmp/HCP-Dv2_BIDS/sub-0001305/ses-V1/func
+ '[' '!' -e /tmp/HCP-Dv2_BIDS/dataset_description.json ']'
+ s3cmd get s3://HCP-Dv2_BIDS/dataset_description.json /tmp/HCP-Dv2_BIDS
+ source /opt/msi/bin/s3cmd get s3://HCP-Dv2_BIDS/dataset_description.json /tmp/HCP-Dv2_BIDS
++ '[' -f /home/miran045/hough129/.s3cfg ']'
++ '[' -z SZX5KR46SPLO4XCZI47E ']'
++ '[' -z /etc/msi/s3cfg-generic ']'
++ '[' -n SZX5KR46SPLO4XCZI47E ']'
++ /usr/bin/s3cmd get s3://HCP-Dv2_BIDS/dataset_description.json /tmp/HCP-Dv2_BIDS
ERROR: S3 error: 404 (NoSuchKey)
+ '[' '!' -e /tmp/HCP-Dv2_BIDS/participants.tsv ']'
+ s3cmd get s3://HCP-Dv2_BIDS/participants.tsv /tmp/HCP-Dv2_BIDS -v
+ source /opt/msi/bin/s3cmd get s3://HCP-Dv2_BIDS/participants.tsv /tmp/HCP-Dv2_BIDS -v
++ '[' -f /home/miran045/hough129/.s3cfg ']'
++ '[' -z SZX5KR46SPLO4XCZI47E ']'
++ '[' -z /etc/msi/s3cfg-generic ']'
++ '[' -n SZX5KR46SPLO4XCZI47E ']'
++ /usr/bin/s3cmd get s3://HCP-Dv2_BIDS/participants.tsv /tmp/HCP-Dv2_BIDS -v
INFO: Summary: 1 remote files to download
+ '[' '!' -d /tmp/HCP-Dv2_BIDS/derivatives/QSIprep-v0.12.2 ']'
+ mkdir -p /tmp/HCP-Dv2_BIDS/derivatives/QSIprep-v0.12.2
+ '[' '!' -d /tmp/work ']'
+ mkdir -p /tmp/work
+ singularity run --cleanenv -B /home/faird/shared/code/internal/utilities/pipeline_wrappers/slurm_QSIprep_with_s3_routines_with_ses:/mnt -B /tmp/HCP-Dv2_BIDS:/sngl/data -B /tmp/HCP-Dv2_BIDS/derivatives/QSIprep-v0.12.2:/sngl/out -B /tmp/work:/sngl/scratch /home/umii/hendr522/singularity_images/qsiprep-v0.12.2.sif /sngl/data /sngl/out participant --fs-license-file /mnt/license.txt --participant-label 0001305 --output-resolution 1.7 --unringing-method mrdegibbs --nthreads 8 --omp-nthreads 7 --skip-bids-validation --stop-on-first-crash -v -v -w /sngl/scratch --eddy-config /mnt/eddy_params.json --mem_mb 20000 --low-mem
Process Process-2:
Traceback (most recent call last):
  File "/usr/local/miniconda/lib/python3.7/multiprocessing/process.py", line 297, in _bootstrap
    self.run()
  File "/usr/local/miniconda/lib/python3.7/multiprocessing/process.py", line 99, in run
    self._target(*self._args, **self._kwargs)
  File "/usr/local/miniconda/lib/python3.7/site-packages/qsiprep/cli/run.py", line 927, in build_qsiprep_workflow
    force_syn=opts.force_syn
  File "/usr/local/miniconda/lib/python3.7/site-packages/qsiprep/workflows/base.py", line 269, in init_qsiprep_wf
    force_syn=force_syn)
  File "/usr/local/miniconda/lib/python3.7/site-packages/qsiprep/workflows/base.py", line 471, in init_single_subject_wf
    subject_data, layout = collect_data(bids_dir, subject_id)
  File "/usr/local/miniconda/lib/python3.7/site-packages/qsiprep/utils/bids.py", line 131, in collect_data
    layout = BIDSLayout(str(bids_dir), validate=bids_validate)
  File "/usr/local/miniconda/lib/python3.7/site-packages/bids/layout/layout.py", line 218, in __init__
    self._validate_root()
  File "/usr/local/miniconda/lib/python3.7/site-packages/bids/layout/layout.py", line 383, in _validate_root
    "'dataset_description.json' is missing from project root."
ValueError: 'dataset_description.json' is missing from project root. Every valid BIDS dataset must have this file.
+ s3cmd sync -F --recursive -v /tmp/HCP-Dv2_BIDS/derivatives/QSIprep-v0.12.2/sub-0001305/ses-V1/ s3://HCP-Dv2_BIDS/derivatives/QSIprep-v0.12.2/sub-0001305/ses-V1/
+ source /opt/msi/bin/s3cmd sync -F --recursive -v /tmp/HCP-Dv2_BIDS/derivatives/QSIprep-v0.12.2/sub-0001305/ses-V1/ s3://HCP-Dv2_BIDS/derivatives/QSIprep-v0.12.2/sub-0001305/ses-V1/
++ '[' -f /home/miran045/hough129/.s3cfg ']'
++ '[' -z SZX5KR46SPLO4XCZI47E ']'
++ '[' -z /etc/msi/s3cfg-generic ']'
++ '[' -n SZX5KR46SPLO4XCZI47E ']'
++ /usr/bin/s3cmd sync -F --recursive -v /tmp/HCP-Dv2_BIDS/derivatives/QSIprep-v0.12.2/sub-0001305/ses-V1/ s3://HCP-Dv2_BIDS/derivatives/QSIprep-v0.12.2/sub-0001305/ses-V1/
ERROR: Parameter problem: Invalid source: '/tmp/HCP-Dv2_BIDS/derivatives/QSIprep-v0.12.2/sub-0001305/ses-V1/' is not an existing file or directory
